<Event xmlns='http://schemas.microsoft.com/win/2004/08/events/event'><System><Provider Name='Microsoft-Windows-Security-Auditing' Guid='{54849625-5478-4994-a5ba-3e3b0328c30d}'/><EventID>4625</EventID><Version>0</Version><Level>Information</Level><Task>Account Lockout</Task><Opcode>Info</Opcode><Keywords>Audit Failure</Keywords><TimeCreated SystemTime='2020-03-13T17:43:51.077598100Z'/><EventRecordID>21333813</EventRecordID><Correlation ActivityID='{3d0f62c6-f5f1-0000-d462-0f3df1f5d501}'/><Execution ProcessID='632' ThreadID='7356'/><Channel>Security</Channel><Computer>BO1SERDP-01.sde.acme.com</Computer><Security/></System><EventData><Data Name='SubjectUserSid'>NULL SID</Data><Data Name='SubjectUserName'>-</Data><Data Name='SubjectDomainName'>-</Data><Data Name='SubjectLogonId'>0x0</Data><Data Name='TargetUserSid'>NULL SID</Data><Data Name='TargetUserName'>bad.user1</Data><Data Name='TargetDomainName'></Data><Data Name='Status'>0xc0000234</Data><Data Name='FailureReason'>%%2307</Data><Data Name='SubStatus'>0x0</Data><Data Name='LogonType'>3</Data><Data Name='LogonProcessName'>NtLmSsp </Data><Data Name='AuthenticationPackageName'>NTLM</Data><Data Name='WorkstationName'>sde.acme.com</Data><Data Name='TransmittedServices'>-</Data><Data Name='LmPackageName'>-</Data><Data Name='KeyLength'>0</Data><Data Name='ProcessId'>0x0</Data><Data Name='ProcessName'>-</Data><Data Name='IpAddress'>73.34.63.46</Data><Data Name='IpPort'>0</Data></EventData></Event>
<Event xmlns='http://schemas.microsoft.com/win/2004/08/events/event'><System><Provider Name='Microsoft-Windows-Security-Auditing' Guid='{54849625-5478-4994-a5ba-3e3b0328c30d}'/><EventID>4625</EventID><Version>0</Version><Level>Information</Level><Task>Account Lockout</Task><Opcode>Info</Opcode><Keywords>Audit Failure</Keywords><TimeCreated SystemTime='2020-03-13T17:43:51.077598100Z'/><EventRecordID>21333813</EventRecordID><Correlation ActivityID='{3d0f62c6-f5f1-0000-d462-0f3df1f5d501}'/><Execution ProcessID='632' ThreadID='7356'/><Channel>Security</Channel><Computer>BO1SERDP-01.sde.acme.com</Computer><Security/></System><EventData><Data Name='SubjectUserSid'>NULL SID</Data><Data Name='SubjectUserName'>-</Data><Data Name='SubjectDomainName'>-</Data><Data Name='SubjectLogonId'>0x0</Data><Data Name='TargetUserSid'>NULL SID</Data><Data Name='TargetUserName'>bad.user1</Data><Data Name='TargetDomainName'></Data><Data Name='Status'>0xc0000234</Data><Data Name='FailureReason'>%%2307</Data><Data Name='SubStatus'>0x0</Data><Data Name='LogonType'>3</Data><Data Name='LogonProcessName'>NtLmSsp </Data><Data Name='AuthenticationPackageName'>NTLM</Data><Data Name='WorkstationName'>sde.acme.com</Data><Data Name='TransmittedServices'>-</Data><Data Name='LmPackageName'>-</Data><Data Name='KeyLength'>0</Data><Data Name='ProcessId'>0x0</Data><Data Name='ProcessName'>-</Data><Data Name='IpAddress'>73.34.63.46</Data><Data Name='IpPort'>0</Data></EventData></Event>
<Event xmlns='http://schemas.microsoft.com/win/2004/08/events/event'><System><Provider Name='Microsoft-Windows-Security-Auditing' Guid='{54849625-5478-4994-a5ba-3e3b0328c30d}'/><EventID>4625</EventID><Version>0</Version><Level>Information</Level><Task>Account Lockout</Task><Opcode>Info</Opcode><Keywords>Audit Failure</Keywords><TimeCreated SystemTime='2020-03-13T17:43:51.077598100Z'/><EventRecordID>21333813</EventRecordID><Correlation ActivityID='{3d0f62c6-f5f1-0000-d462-0f3df1f5d501}'/><Execution ProcessID='632' ThreadID='7356'/><Channel>Security</Channel><Computer>BO1SERDP-01.sde.acme.com</Computer><Security/></System><EventData><Data Name='SubjectUserSid'>NULL SID</Data><Data Name='SubjectUserName'>-</Data><Data Name='SubjectDomainName'>-</Data><Data Name='SubjectLogonId'>0x0</Data><Data Name='TargetUserSid'>NULL SID</Data><Data Name='TargetUserName'>bad.user1</Data><Data Name='TargetDomainName'></Data><Data Name='Status'>0xc0000234</Data><Data Name='FailureReason'>%%2307</Data><Data Name='SubStatus'>0x0</Data><Data Name='LogonType'>3</Data><Data Name='LogonProcessName'>NtLmSsp </Data><Data Name='AuthenticationPackageName'>NTLM</Data><Data Name='WorkstationName'>sde.acme.com</Data><Data Name='TransmittedServices'>-</Data><Data Name='LmPackageName'>-</Data><Data Name='KeyLength'>0</Data><Data Name='ProcessId'>0x0</Data><Data Name='ProcessName'>-</Data><Data Name='IpAddress'>73.34.63.46</Data><Data Name='IpPort'>0</Data></EventData></Event>
09 29 2023 13:05:39 11.1.0.53 <LOC0:INFO> Sep 29 13:05:39 11.1.0.53 EVID:0003 Server1: login failed for user amber.lyons.43 from 192.168.43.7
09 29 2023 13:04:01 11.1.0.53 <LOC0:INFO> Sep 29 13:04:01 11.1.0.53 EVID:0003 Server1: login failed for user amber.raymond.36 from 192.168.43.20
09 29 2023 13:03:58 11.1.0.53 <LOC0:INFO> Sep 29 13:03:58 11.1.0.53 EVID:0003 172.16.1.18: login failed for user david.sandoval.3 from 192.168.43.28
09 29 2023 13:03:47 11.1.0.53 <LOC0:INFO> Sep 29 13:03:47 11.1.0.53 EVID:0003 Server2: login failed for user danielle.watkins.27 from 192.168.43.2
09 29 2023 13:03:29 11.1.0.53 <LOC0:INFO> Sep 29 13:03:29 11.1.0.53 EVID:0003 172.16.1.3: login failed for user roy.blevins.47 from 192.168.43.4
09 29 2023 13:03:14 11.1.0.53 <LOC0:INFO> Sep 29 13:03:14 11.1.0.53 EVID:0003 Server4: login failed for user sara.cummings.48 from 192.168.43.25
09 29 2023 13:02:11 11.1.0.53 <LOC0:INFO> Sep 29 13:02:11 11.1.0.53 EVID:0003 172.16.1.11: login failed for user lisa.grimes.143 from 192.168.43.12
09/29/2023 01:02:00 PM : EVID:0003 192.168.3.11: login failed for user  james.nichols.123 from 192.168.3.11 Session ID: f70e67f0-16ae-4694-b8b1-00dbde84e13b
09/29/2023 01:02:00 PM : EVID:0003 192.168.3.11: login failed for user  james.nichols.123 from 192.168.3.11 Session ID: f70e67f0-16ae-4694-b8b1-00dbde84e13b
09/29/2023 01:02:00 PM : EVID:0003 192.168.3.11: login failed for user  james.nichols.123 from 192.168.3.11 Session ID: f70e67f0-16ae-4694-b8b1-00dbde84e13b
09/29/2023 01:02:00 PM : EVID:0003 192.168.3.11: login failed for user  james.nichols.123 from 192.168.3.11 Session ID: f70e67f0-16ae-4694-b8b1-00dbde84e13b
09/29/2023 01:02:00 PM : EVID:0003 192.168.3.11: login failed for user  james.nichols.123 from 192.168.3.11 Session ID: f70e67f0-16ae-4694-b8b1-00dbde84e13b
09/29/2023 01:02:00 PM : EVID:0003 192.168.3.11: login failed for user  james.nichols.123 from 192.168.3.11 Session ID: f70e67f0-16ae-4694-b8b1-00dbde84e13b
09/29/2023 01:02:00 PM : EVID:0003 192.168.3.11: login failed for user  james.nichols.123 from 192.168.3.11 Session ID: f70e67f0-16ae-4694-b8b1-00dbde84e13b
09/29/2023 01:02:00 PM : EVID:0003 192.168.3.11: login failed for user  james.nichols.123 from 192.168.3.11 Session ID: f70e67f0-16ae-4694-b8b1-00dbde84e13b
09/29/2023 01:02:00 PM : EVID:0003 192.168.3.11: login failed for user  james.nichols.123 from 192.168.3.11 Session ID: f70e67f0-16ae-4694-b8b1-00dbde84e13b
09/29/2023 01:02:00 PM : EVID:0003 192.168.3.11: login failed for user  james.nichols.123 from 192.168.3.11 Session ID: f70e67f0-16ae-4694-b8b1-00dbde84e13b
09 29 2023 13:01:20 11.1.0.53 <LOC0:INFO> Sep 29 13:01:20 11.1.0.53 EVID:0003 172.16.1.9: login failed for user anna.russell.40 from 192.168.43.14
09 29 2023 13:01:14 11.1.0.53 <LOC0:INFO> Sep 29 13:01:14 11.1.0.53 EVID:0003 172.16.1.13: login failed for user elizabeth.hardin.65 from 192.168.43.33
09 29 2023 13:00:30 11.1.0.53 <LOC0:INFO> Sep 29 13:00:30 11.1.0.53 EVID:0003 172.16.1.20: login failed for user pamela.price.73 from 192.168.43.19
09 29 2023 12:58:33 11.1.0.53 <LOC0:INFO> Sep 29 12:58:33 11.1.0.53 EVID:0003 172.16.1.7: login failed for user brittany.sandoval.81 from 192.168.43.33
09 29 2023 12:57:09 11.1.0.53 <LOC0:INFO> Sep 29 12:57:09 11.1.0.53 EVID:0003 172.16.1.5: login failed for user susan.rutledge.17 from 192.168.43.16
09 29 2023 12:56:35 11.1.0.53 <LOC0:INFO> Sep 29 12:56:35 11.1.0.53 EVID:0003 172.16.1.12: login failed for user danielle.watkins.27 from 192.168.43.22
09 29 2023 12:56:29 11.1.0.53 <LOC0:INFO> Sep 29 12:56:29 11.1.0.53 EVID:0003 172.16.1.14: login failed for user david.navarro.135 from 192.168.43.29
09 29 2023 12:55:54 11.1.0.53 <LOC0:INFO> Sep 29 12:55:54 11.1.0.53 EVID:0003 172.16.1.9: login failed for user joan.buckley.70 from 192.168.43.6
09 29 2023 12:54:52 11.1.0.53 <LOC0:INFO> Sep 29 12:54:52 11.1.0.53 EVID:0003 172.16.1.16: login failed for user brittany.sandoval.81 from 192.168.43.17
09 29 2023 12:54:28 11.1.0.53 <LOC0:INFO> Sep 29 12:54:28 11.1.0.53 EVID:0003 172.16.1.10: login failed for user brenda.austin.82 from 192.168.43.25
09 29 2023 12:52:37 11.1.0.53 <LOC0:INFO> Sep 29 12:52:37 11.1.0.53 EVID:0003 172.16.1.15: login failed for user nathan.emerson.54 from 192.168.43.7
09 29 2023 12:52:21 11.1.0.53 <LOC0:INFO> Sep 29 12:52:21 11.1.0.53 EVID:0003 172.16.1.3: login failed for user brian.norman.75 from 192.168.43.9
09 29 2023 12:51:22 11.1.0.53 <LOC0:INFO> Sep 29 12:51:22 11.1.0.53 EVID:0003 172.16.1.5: login failed for user jordan.english.67 from 192.168.43.29
09 29 2023 12:50:22 11.1.0.53 <LOC0:INFO> Sep 29 12:50:22 11.1.0.53 EVID:0003 172.16.1.11: login failed for user terry.carrillo.7 from 192.168.43.7
09 29 2023 12:49:48 11.1.0.53 <LOC0:INFO> Sep 29 12:49:48 11.1.0.53 EVID:0003 172.16.1.3: login failed for user jennifer.ballard.92 from 192.168.43.9
09 29 2023 12:48:21 11.1.0.53 <LOC0:INFO> Sep 29 12:48:21 11.1.0.53 EVID:0003 172.16.1.4: login failed for user betty.holder.87 from 192.168.43.17
09 29 2023 12:48:06 11.1.0.53 <LOC0:INFO> Sep 29 12:48:06 11.1.0.53 EVID:0003 172.16.1.9: login failed for user charles.barber.147 from 192.168.43.17
09 29 2023 12:47:33 11.1.0.53 <LOC0:INFO> Sep 29 12:47:33 11.1.0.53 EVID:0003 172.16.1.1: login failed for user keyla.stewart from 192.168.43.12
09 29 2023 12:47:13 11.1.0.53 <LOC0:INFO> Sep 29 12:47:13 11.1.0.53 EVID:0003 172.16.1.10: login failed for user jerry.marshall.50 from 192.168.43.4
09 29 2023 12:45:25 11.1.0.53 <LOC0:INFO> Sep 29 12:45:25 11.1.0.53 EVID:0003 Server5: login failed for user chase.larue from 192.168.43.13
09 29 2023 12:45:22 11.1.0.53 <LOC0:INFO> Sep 29 12:45:22 11.1.0.53 EVID:0003 172.16.1.18: login failed for user arthur.turner.2 from 192.168.43.28
09 29 2023 12:43:51 11.1.0.53 <LOC0:INFO> Sep 29 12:43:51 11.1.0.53 EVID:0003 172.16.1.15: login failed for user nicholas.henderson.91 from 192.168.43.14
09 29 2023 12:43:07 11.1.0.53 <LOC0:INFO> Sep 29 12:43:07 11.1.0.53 EVID:0003 172.16.1.17: login failed for user maria.washington.150 from 192.168.43.28
09 29 2023 12:42:55 11.1.0.53 <LOC0:INFO> Sep 29 12:42:55 11.1.0.53 EVID:0003 172.16.1.1: login failed for user paul.bradley.139 from 192.168.43.16
09 29 2023 12:42:26 11.1.0.53 <LOC0:INFO> Sep 29 12:42:26 11.1.0.53 EVID:0003 172.16.1.5: login failed for user patricia.burton.78 from 192.168.43.23
09 29 2023 12:41:52 11.1.0.53 <LOC0:INFO> Sep 29 12:41:52 11.1.0.53 EVID:0003 172.16.1.5: login failed for user nancy.mcgowan.72 from 192.168.43.23
09 29 2023 12:41:39 11.1.0.53 <LOC0:INFO> Sep 29 12:41:39 11.1.0.53 EVID:0003 172.16.1.18: login failed for user harold.alvarez.60 from 192.168.43.25
09 29 2023 12:41:18 11.1.0.53 <LOC0:INFO> Sep 29 12:41:18 11.1.0.53 EVID:0003 172.16.1.19: login failed for user christian.romero.38 from 192.168.43.18
09 29 2023 12:41:04 11.1.0.53 <LOC0:INFO> Sep 29 12:41:04 11.1.0.53 EVID:0003 172.16.1.3: login failed for user kayla.huff.6 from 192.168.43.15
09 29 2023 12:41:03 11.1.0.53 <LOC0:INFO> Sep 29 12:41:03 11.1.0.53 EVID:0003 172.16.1.8: login failed for user brenda.austin.82 from 192.168.43.7
09 29 2023 12:39:50 11.1.0.53 <LOC0:INFO> Sep 29 12:39:50 11.1.0.53 EVID:0003 Server3: login failed for user pamela.price.73 from 192.168.43.21
09 29 2023 12:39:29 11.1.0.53 <LOC0:INFO> Sep 29 12:39:29 11.1.0.53 EVID:0003 172.16.1.1: login failed for user brenda.walker.71 from 192.168.43.33
09 29 2023 12:39:08 11.1.0.53 <LOC0:INFO> Sep 29 12:39:08 11.1.0.53 EVID:0003 172.16.1.10: login failed for user sandra.jackson.86 from 192.168.43.17
09 29 2023 12:39:00 11.1.0.53 <LOC0:INFO> Sep 29 12:39:00 11.1.0.53 EVID:0003 172.16.1.20: login failed for user terry.conway.56 from 192.168.43.26
09 29 2023 12:38:14 11.1.0.53 <LOC0:INFO> Sep 29 12:38:14 11.1.0.53 EVID:0003 172.16.1.8: login failed for user ann.carroll.89 from 192.168.43.12
09 29 2023 12:37:56 11.1.0.53 <LOC0:INFO> Sep 29 12:37:56 11.1.0.53 EVID:0003 Server1: login failed for user susan.hill.132 from 192.168.43.30
09 29 2023 12:37:01 11.1.0.53 <LOC0:INFO> Sep 29 12:37:01 11.1.0.53 EVID:0003 172.16.1.1: login failed for user patrick.haynes.62 from 192.168.43.14
09 29 2023 12:36:53 11.1.0.53 <LOC0:INFO> Sep 29 12:36:53 11.1.0.53 EVID:0003 172.16.1.17: login failed for user bobby.witt.140 from 192.168.43.32
09 29 2023 12:35:18 11.1.0.53 <LOC0:INFO> Sep 29 12:35:18 11.1.0.53 EVID:0003 172.16.1.19: login failed for user terry.conway.56 from 192.168.43.23
09 29 2023 12:34:00 11.1.0.53 <LOC0:INFO> Sep 29 12:34:00 11.1.0.53 EVID:0003 172.16.1.18: login failed for user jerry.marshall.50 from 192.168.43.15
09 29 2023 12:33:30 11.1.0.53 <LOC0:INFO> Sep 29 12:33:30 11.1.0.53 EVID:0003 172.16.1.18: login failed for user julia.morton.34 from 192.168.43.10
09 29 2023 12:33:18 11.1.0.53 <LOC0:INFO> Sep 29 12:33:18 11.1.0.53 EVID:0003 Server1: login failed for user danielle.watkins.27 from 192.168.43.16
09 29 2023 12:32:18 11.1.0.53 <LOC0:INFO> Sep 29 12:32:18 11.1.0.53 EVID:0003 172.16.1.4: login failed for user nathan.friedman from 192.168.43.10
09 29 2023 12:31:45 11.1.0.53 <LOC0:INFO> Sep 29 12:31:45 11.1.0.53 EVID:0003 172.16.1.7: login failed for user nancy.hansen.131 from 192.168.43.14
09 29 2023 12:31:31 11.1.0.53 <LOC0:INFO> Sep 29 12:31:31 11.1.0.53 EVID:0003 172.16.1.9: login failed for user albert.morgan.61 from 192.168.43.18
09 29 2023 12:30:43 11.1.0.53 <LOC0:INFO> Sep 29 12:30:43 11.1.0.53 EVID:0003 172.16.1.6: login failed for user sam.harrison from 192.168.43.28
09 29 2023 12:29:47 11.1.0.53 <LOC0:INFO> Sep 29 12:29:47 11.1.0.53 EVID:0003 172.16.1.13: login failed for user judith.perez.24 from 192.168.43.12
09 29 2023 12:28:24 11.1.0.53 <LOC0:INFO> Sep 29 12:28:24 11.1.0.53 EVID:0003 172.16.1.1: login failed for user paul.bradley.139 from 192.168.43.12
09 29 2023 12:28:24 11.1.0.53 <LOC0:INFO> Sep 29 12:28:24 11.1.0.53 EVID:0003 172.16.1.18: login failed for user lisa.madden.68 from 192.168.43.23
09 29 2023 12:27:46 11.1.0.53 <LOC0:INFO> Sep 29 12:27:46 11.1.0.53 EVID:0003 172.16.1.16: login failed for user lisa.grimes.143 from 192.168.43.25
09 29 2023 12:25:03 11.1.0.53 <LOC0:INFO> Sep 29 12:25:03 11.1.0.53 EVID:0003 Server2: login failed for user grace.mercado.1 from 192.168.43.4
09 29 2023 12:24:27 11.1.0.53 <LOC0:INFO> Sep 29 12:24:27 11.1.0.53 EVID:0003 172.16.1.13: login failed for user lisa.madden.68 from 192.168.43.19
09 29 2023 12:24:00 11.1.0.53 <LOC0:INFO> Sep 29 12:24:00 11.1.0.53 EVID:0003 Server1: login failed for user russell.buckley.29 from 192.168.43.5
09 29 2023 12:23:33 11.1.0.53 <LOC0:INFO> Sep 29 12:23:33 11.1.0.53 EVID:0003 172.16.1.19: login failed for user lori.hebert.8 from 192.168.43.18
09 29 2023 12:23:02 11.1.0.53 <LOC0:INFO> Sep 29 12:23:02 11.1.0.53 EVID:0003 Server1: login failed for user stephen.mcneil.129 from 192.168.43.25
09 29 2023 12:21:31 11.1.0.53 <LOC0:INFO> Sep 29 12:21:31 11.1.0.53 EVID:0003 172.16.1.13: login failed for user dorothy.cunningham.25 from 192.168.43.6
09 29 2023 12:20:20 11.1.0.53 <LOC0:INFO> Sep 29 12:20:20 11.1.0.53 EVID:0003 Server4: login failed for user elizabeth.cruz.12 from 192.168.43.17
09 29 2023 12:19:22 11.1.0.53 <LOC0:INFO> Sep 29 12:19:22 11.1.0.53 EVID:0003 172.16.1.8: login failed for user kelsey.thomson from 192.168.43.26
09 29 2023 12:18:04 11.1.0.53 <LOC0:INFO> Sep 29 12:18:04 11.1.0.53 EVID:0003 172.16.1.12: login failed for user christian.romero.38 from 192.168.43.24
09 29 2023 12:17:25 11.1.0.53 <LOC0:INFO> Sep 29 12:17:25 11.1.0.53 EVID:0003 172.16.1.20: login failed for user russell.buckley.29 from 192.168.43.22
09 29 2023 12:16:47 11.1.0.53 <LOC0:INFO> Sep 29 12:16:47 11.1.0.53 EVID:0003 172.16.1.3: login failed for user theresa.potter.55 from 192.168.43.1
09 29 2023 12:16:44 11.1.0.53 <LOC0:INFO> Sep 29 12:16:44 11.1.0.53 EVID:0003 172.16.1.3: login failed for user alan.williams.53 from 192.168.43.10
09 29 2023 12:15:16 11.1.0.53 <LOC0:INFO> Sep 29 12:15:16 11.1.0.53 EVID:0003 Server5: login failed for user marcos.alvarez from 192.168.43.6
09 29 2023 12:14:53 11.1.0.53 <LOC0:INFO> Sep 29 12:14:53 11.1.0.53 EVID:0003 Server3: login failed for user pamela.price.73 from 192.168.43.24
09 29 2023 12:14:36 11.1.0.53 <LOC0:INFO> Sep 29 12:14:36 11.1.0.53 EVID:0003 172.16.1.13: login failed for user christina.mann.46 from 192.168.43.15
09 29 2023 12:13:36 11.1.0.53 <LOC0:INFO> Sep 29 12:13:36 11.1.0.53 EVID:0003 172.16.1.2: login failed for user joshua.daniels.63 from 192.168.43.11
09 29 2023 12:13:11 11.1.0.53 <LOC0:INFO> Sep 29 12:13:11 11.1.0.53 EVID:0003 172.16.1.17: login failed for user diane.nielsen.142 from 192.168.43.13
09 29 2023 12:12:56 11.1.0.53 <LOC0:INFO> Sep 29 12:12:56 11.1.0.53 EVID:0003 172.16.1.16: login failed for user richard.chambers.137 from 192.168.43.18
09 29 2023 12:12:17 11.1.0.53 <LOC0:INFO> Sep 29 12:12:17 11.1.0.53 EVID:0003 172.16.1.20: login failed for user jerry.ortega.148 from 192.168.43.4
09 29 2023 12:11:35 11.1.0.53 <LOC0:INFO> Sep 29 12:11:35 11.1.0.53 EVID:0003 Server4: login failed for user theresa.potter.55 from 192.168.43.10
09 29 2023 12:10:04 11.1.0.53 <LOC0:INFO> Sep 29 12:10:04 11.1.0.53 EVID:0003 172.16.1.8: login failed for user dillion.matthews from 192.168.43.5
09 29 2023 12:09:14 11.1.0.53 <LOC0:INFO> Sep 29 12:09:14 11.1.0.53 EVID:0003 172.16.1.14: login failed for user amanda.combs.83 from 192.168.43.1
09 29 2023 12:09:03 11.1.0.53 <LOC0:INFO> Sep 29 12:09:03 11.1.0.53 EVID:0003 172.16.1.11: login failed for user stephen.mcneil.129 from 192.168.43.14
09 29 2023 12:08:25 11.1.0.53 <LOC0:INFO> Sep 29 12:08:25 11.1.0.53 EVID:0003 172.16.1.15: login failed for user arthur.turner.2 from 192.168.43.9
09 29 2023 12:06:19 11.1.0.53 <LOC0:INFO> Sep 29 12:06:19 11.1.0.53 EVID:0003 172.16.1.5: login failed for user brenda.walker.71 from 192.168.43.25
09 29 2023 12:06:17 11.1.0.53 <LOC0:INFO> Sep 29 12:06:17 11.1.0.53 EVID:0003 172.16.1.11: login failed for user elizabeth.hardin.65 from 192.168.43.8
09 29 2023 12:06:07 11.1.0.53 <LOC0:INFO> Sep 29 12:06:07 11.1.0.53 EVID:0003 172.16.1.10: login failed for user louis.salazar.21 from 192.168.43.2
09 29 2023 12:05:41 11.1.0.53 <LOC0:INFO> Sep 29 12:05:41 11.1.0.53 EVID:0003 172.16.1.20: login failed for user brittany.sandoval.81 from 192.168.43.11
09 29 2023 12:05:37 11.1.0.53 <LOC0:INFO> Sep 29 12:05:37 11.1.0.53 EVID:0003 172.16.1.5: login failed for user joshua.daniels.63 from 192.168.43.29
<Event xmlns='http://schemas.microsoft.com/win/2004/08/events/event'><System><Provider Name='Microsoft-Windows-Security-Auditing' Guid='{54849625-5478-4994-a5ba-3e3b0328c30d}'/><EventID>4625</EventID><Version>0</Version><Level>Information</Level><Task>Account Lockout</Task><Opcode>Info</Opcode><Keywords>Audit Failure</Keywords><TimeCreated SystemTime='2020-03-13T17:43:51.077598100Z'/><EventRecordID>21333813</EventRecordID><Correlation ActivityID='{3d0f62c6-f5f1-0000-d462-0f3df1f5d501}'/><Execution ProcessID='632' ThreadID='7356'/><Channel>Security</Channel><Computer>BO1SERDP-01.sde.acme.com</Computer><Security/></System><EventData><Data Name='SubjectUserSid'>NULL SID</Data><Data Name='SubjectUserName'>-</Data><Data Name='SubjectDomainName'>-</Data><Data Name='SubjectLogonId'>0x0</Data><Data Name='TargetUserSid'>NULL SID</Data><Data Name='TargetUserName'>bad.user1</Data><Data Name='TargetDomainName'></Data><Data Name='Status'>0xc0000234</Data><Data Name='FailureReason'>%%2307</Data><Data Name='SubStatus'>0x0</Data><Data Name='LogonType'>3</Data><Data Name='LogonProcessName'>NtLmSsp </Data><Data Name='AuthenticationPackageName'>NTLM</Data><Data Name='WorkstationName'>sde.acme.com</Data><Data Name='TransmittedServices'>-</Data><Data Name='LmPackageName'>-</Data><Data Name='KeyLength'>0</Data><Data Name='ProcessId'>0x0</Data><Data Name='ProcessName'>-</Data><Data Name='IpAddress'>73.34.63.46</Data><Data Name='IpPort'>0</Data></EventData></Event>
<Event xmlns='http://schemas.microsoft.com/win/2004/08/events/event'><System><Provider Name='Microsoft-Windows-Security-Auditing' Guid='{54849625-5478-4994-a5ba-3e3b0328c30d}'/><EventID>4625</EventID><Version>0</Version><Level>Information</Level><Task>Account Lockout</Task><Opcode>Info</Opcode><Keywords>Audit Failure</Keywords><TimeCreated SystemTime='2020-03-13T17:43:51.077598100Z'/><EventRecordID>21333813</EventRecordID><Correlation ActivityID='{3d0f62c6-f5f1-0000-d462-0f3df1f5d501}'/><Execution ProcessID='632' ThreadID='7356'/><Channel>Security</Channel><Computer>BO1SERDP-01.sde.acme.com</Computer><Security/></System><EventData><Data Name='SubjectUserSid'>NULL SID</Data><Data Name='SubjectUserName'>-</Data><Data Name='SubjectDomainName'>-</Data><Data Name='SubjectLogonId'>0x0</Data><Data Name='TargetUserSid'>NULL SID</Data><Data Name='TargetUserName'>bad.user1</Data><Data Name='TargetDomainName'></Data><Data Name='Status'>0xc0000234</Data><Data Name='FailureReason'>%%2307</Data><Data Name='SubStatus'>0x0</Data><Data Name='LogonType'>3</Data><Data Name='LogonProcessName'>NtLmSsp </Data><Data Name='AuthenticationPackageName'>NTLM</Data><Data Name='WorkstationName'>sde.acme.com</Data><Data Name='TransmittedServices'>-</Data><Data Name='LmPackageName'>-</Data><Data Name='KeyLength'>0</Data><Data Name='ProcessId'>0x0</Data><Data Name='ProcessName'>-</Data><Data Name='IpAddress'>73.34.63.46</Data><Data Name='IpPort'>0</Data></EventData></Event>
<Event xmlns='http://schemas.microsoft.com/win/2004/08/events/event'><System><Provider Name='Microsoft-Windows-Security-Auditing' Guid='{54849625-5478-4994-a5ba-3e3b0328c30d}'/><EventID>4625</EventID><Version>0</Version><Level>Information</Level><Task>Account Lockout</Task><Opcode>Info</Opcode><Keywords>Audit Failure</Keywords><TimeCreated SystemTime='2020-03-13T17:43:51.077598100Z'/><EventRecordID>21333813</EventRecordID><Correlation ActivityID='{3d0f62c6-f5f1-0000-d462-0f3df1f5d501}'/><Execution ProcessID='632' ThreadID='7356'/><Channel>Security</Channel><Computer>BO1SERDP-01.sde.acme.com</Computer><Security/></System><EventData><Data Name='SubjectUserSid'>NULL SID</Data><Data Name='SubjectUserName'>-</Data><Data Name='SubjectDomainName'>-</Data><Data Name='SubjectLogonId'>0x0</Data><Data Name='TargetUserSid'>NULL SID</Data><Data Name='TargetUserName'>bad.user1</Data><Data Name='TargetDomainName'></Data><Data Name='Status'>0xc0000234</Data><Data Name='FailureReason'>%%2307</Data><Data Name='SubStatus'>0x0</Data><Data Name='LogonType'>3</Data><Data Name='LogonProcessName'>NtLmSsp </Data><Data Name='AuthenticationPackageName'>NTLM</Data><Data Name='WorkstationName'>sde.acme.com</Data><Data Name='TransmittedServices'>-</Data><Data Name='LmPackageName'>-</Data><Data Name='KeyLength'>0</Data><Data Name='ProcessId'>0x0</Data><Data Name='ProcessName'>-</Data><Data Name='IpAddress'>73.34.63.46</Data><Data Name='IpPort'>0</Data></EventData></Event>
<Event xmlns='http://schemas.microsoft.com/win/2004/08/events/event'><System><Provider Name='Microsoft-Windows-Security-Auditing' Guid='{54849625-5478-4994-a5ba-3e3b0328c30d}'/><EventID>4625</EventID><Version>0</Version><Level>Information</Level><Task>Account Lockout</Task><Opcode>Info</Opcode><Keywords>Audit Failure</Keywords><TimeCreated SystemTime='2020-03-13T17:43:51.077598100Z'/><EventRecordID>21333813</EventRecordID><Correlation ActivityID='{3d0f62c6-f5f1-0000-d462-0f3df1f5d501}'/><Execution ProcessID='632' ThreadID='7356'/><Channel>Security</Channel><Computer>BO1SERDP-01.sde.acme.com</Computer><Security/></System><EventData><Data Name='SubjectUserSid'>NULL SID</Data><Data Name='SubjectUserName'>-</Data><Data Name='SubjectDomainName'>-</Data><Data Name='SubjectLogonId'>0x0</Data><Data Name='TargetUserSid'>NULL SID</Data><Data Name='TargetUserName'>bad.user1</Data><Data Name='TargetDomainName'></Data><Data Name='Status'>0xc0000234</Data><Data Name='FailureReason'>%%2307</Data><Data Name='SubStatus'>0x0</Data><Data Name='LogonType'>3</Data><Data Name='LogonProcessName'>NtLmSsp </Data><Data Name='AuthenticationPackageName'>NTLM</Data><Data Name='WorkstationName'>sde.acme.com</Data><Data Name='TransmittedServices'>-</Data><Data Name='LmPackageName'>-</Data><Data Name='KeyLength'>0</Data><Data Name='ProcessId'>0x0</Data><Data Name='ProcessName'>-</Data><Data Name='IpAddress'>73.34.63.46</Data><Data Name='IpPort'>0</Data></EventData></Event>
<Event xmlns='http://schemas.microsoft.com/win/2004/08/events/event'><System><Provider Name='Microsoft-Windows-Security-Auditing' Guid='{54849625-5478-4994-a5ba-3e3b0328c30d}'/><EventID>4625</EventID><Version>0</Version><Level>Information</Level><Task>Account Lockout</Task><Opcode>Info</Opcode><Keywords>Audit Failure</Keywords><TimeCreated SystemTime='2020-03-13T17:43:51.077598100Z'/><EventRecordID>21333813</EventRecordID><Correlation ActivityID='{3d0f62c6-f5f1-0000-d462-0f3df1f5d501}'/><Execution ProcessID='632' ThreadID='7356'/><Channel>Security</Channel><Computer>BO1SERDP-01.sde.acme.com</Computer><Security/></System><EventData><Data Name='SubjectUserSid'>NULL SID</Data><Data Name='SubjectUserName'>-</Data><Data Name='SubjectDomainName'>-</Data><Data Name='SubjectLogonId'>0x0</Data><Data Name='TargetUserSid'>NULL SID</Data><Data Name='TargetUserName'>bad.user1</Data><Data Name='TargetDomainName'></Data><Data Name='Status'>0xc0000234</Data><Data Name='FailureReason'>%%2307</Data><Data Name='SubStatus'>0x0</Data><Data Name='LogonType'>3</Data><Data Name='LogonProcessName'>NtLmSsp </Data><Data Name='AuthenticationPackageName'>NTLM</Data><Data Name='WorkstationName'>sde.acme.com</Data><Data Name='TransmittedServices'>-</Data><Data Name='LmPackageName'>-</Data><Data Name='KeyLength'>0</Data><Data Name='ProcessId'>0x0</Data><Data Name='ProcessName'>-</Data><Data Name='IpAddress'>73.34.63.46</Data><Data Name='IpPort'>0</Data></EventData></Event>
