<Event xmlns='http://schemas.microsoft.com/win/2004/08/events/event'><System><Provider Name='Microsoft-Windows-Security-Auditing' Guid='{54849625-5478-4994-a5ba-3e3b0328c30d}'/><EventID>4625</EventID><Version>0</Version><Level>Information</Level><Task>Account Lockout</Task><Opcode>Info</Opcode><Keywords>Audit Failure</Keywords><TimeCreated SystemTime='2020-03-13T17:43:51.077598100Z'/><EventRecordID>21333813</EventRecordID><Correlation ActivityID='{3d0f62c6-f5f1-0000-d462-0f3df1f5d501}'/><Execution ProcessID='632' ThreadID='7356'/><Channel>Security</Channel><Computer>BO1SERDP-01.sde.acme.com</Computer><Security/></System><EventData><Data Name='SubjectUserSid'>NULL SID</Data><Data Name='SubjectUserName'>-</Data><Data Name='SubjectDomainName'>-</Data><Data Name='SubjectLogonId'>0x0</Data><Data Name='TargetUserSid'>NULL SID</Data><Data Name='TargetUserName'>bad.user1</Data><Data Name='TargetDomainName'></Data><Data Name='Status'>0xc0000234</Data><Data Name='FailureReason'>%%2307</Data><Data Name='SubStatus'>0x0</Data><Data Name='LogonType'>3</Data><Data Name='LogonProcessName'>NtLmSsp </Data><Data Name='AuthenticationPackageName'>NTLM</Data><Data Name='WorkstationName'>sde.acme.com</Data><Data Name='TransmittedServices'>-</Data><Data Name='LmPackageName'>-</Data><Data Name='KeyLength'>0</Data><Data Name='ProcessId'>0x0</Data><Data Name='ProcessName'>-</Data><Data Name='IpAddress'>73.34.63.46</Data><Data Name='IpPort'>0</Data></EventData></Event>
<Event xmlns='http://schemas.microsoft.com/win/2004/08/events/event'><System><Provider Name='Microsoft-Windows-Security-Auditing' Guid='{54849625-5478-4994-a5ba-3e3b0328c30d}'/><EventID>4625</EventID><Version>0</Version><Level>Information</Level><Task>Account Lockout</Task><Opcode>Info</Opcode><Keywords>Audit Failure</Keywords><TimeCreated SystemTime='2020-03-13T17:43:51.077598100Z'/><EventRecordID>21333813</EventRecordID><Correlation ActivityID='{3d0f62c6-f5f1-0000-d462-0f3df1f5d501}'/><Execution ProcessID='632' ThreadID='7356'/><Channel>Security</Channel><Computer>BO1SERDP-01.sde.acme.com</Computer><Security/></System><EventData><Data Name='SubjectUserSid'>NULL SID</Data><Data Name='SubjectUserName'>-</Data><Data Name='SubjectDomainName'>-</Data><Data Name='SubjectLogonId'>0x0</Data><Data Name='TargetUserSid'>NULL SID</Data><Data Name='TargetUserName'>bad.user1</Data><Data Name='TargetDomainName'></Data><Data Name='Status'>0xc0000234</Data><Data Name='FailureReason'>%%2307</Data><Data Name='SubStatus'>0x0</Data><Data Name='LogonType'>3</Data><Data Name='LogonProcessName'>NtLmSsp </Data><Data Name='AuthenticationPackageName'>NTLM</Data><Data Name='WorkstationName'>sde.acme.com</Data><Data Name='TransmittedServices'>-</Data><Data Name='LmPackageName'>-</Data><Data Name='KeyLength'>0</Data><Data Name='ProcessId'>0x0</Data><Data Name='ProcessName'>-</Data><Data Name='IpAddress'>73.34.63.46</Data><Data Name='IpPort'>0</Data></EventData></Event>
<Event xmlns='http://schemas.microsoft.com/win/2004/08/events/event'><System><Provider Name='Microsoft-Windows-Security-Auditing' Guid='{54849625-5478-4994-a5ba-3e3b0328c30d}'/><EventID>4625</EventID><Version>0</Version><Level>Information</Level><Task>Account Lockout</Task><Opcode>Info</Opcode><Keywords>Audit Failure</Keywords><TimeCreated SystemTime='2020-03-13T17:43:51.077598100Z'/><EventRecordID>21333813</EventRecordID><Correlation ActivityID='{3d0f62c6-f5f1-0000-d462-0f3df1f5d501}'/><Execution ProcessID='632' ThreadID='7356'/><Channel>Security</Channel><Computer>BO1SERDP-01.sde.acme.com</Computer><Security/></System><EventData><Data Name='SubjectUserSid'>NULL SID</Data><Data Name='SubjectUserName'>-</Data><Data Name='SubjectDomainName'>-</Data><Data Name='SubjectLogonId'>0x0</Data><Data Name='TargetUserSid'>NULL SID</Data><Data Name='TargetUserName'>bad.user1</Data><Data Name='TargetDomainName'></Data><Data Name='Status'>0xc0000234</Data><Data Name='FailureReason'>%%2307</Data><Data Name='SubStatus'>0x0</Data><Data Name='LogonType'>3</Data><Data Name='LogonProcessName'>NtLmSsp </Data><Data Name='AuthenticationPackageName'>NTLM</Data><Data Name='WorkstationName'>sde.acme.com</Data><Data Name='TransmittedServices'>-</Data><Data Name='LmPackageName'>-</Data><Data Name='KeyLength'>0</Data><Data Name='ProcessId'>0x0</Data><Data Name='ProcessName'>-</Data><Data Name='IpAddress'>73.34.63.46</Data><Data Name='IpPort'>0</Data></EventData></Event>
<Event xmlns='http://schemas.microsoft.com/win/2004/08/events/event'><System><Provider Name='Microsoft-Windows-Security-Auditing' Guid='{54849625-5478-4994-a5ba-3e3b0328c30d}'/><EventID>4625</EventID><Version>0</Version><Level>Information</Level><Task>Account Lockout</Task><Opcode>Info</Opcode><Keywords>Audit Failure</Keywords><TimeCreated SystemTime='2020-03-13T17:43:51.077598100Z'/><EventRecordID>21333813</EventRecordID><Correlation ActivityID='{3d0f62c6-f5f1-0000-d462-0f3df1f5d501}'/><Execution ProcessID='632' ThreadID='7356'/><Channel>Security</Channel><Computer>BO1SERDP-01.sde.acme.com</Computer><Security/></System><EventData><Data Name='SubjectUserSid'>NULL SID</Data><Data Name='SubjectUserName'>-</Data><Data Name='SubjectDomainName'>-</Data><Data Name='SubjectLogonId'>0x0</Data><Data Name='TargetUserSid'>NULL SID</Data><Data Name='TargetUserName'>bad.user1</Data><Data Name='TargetDomainName'></Data><Data Name='Status'>0xc0000234</Data><Data Name='FailureReason'>%%2307</Data><Data Name='SubStatus'>0x0</Data><Data Name='LogonType'>3</Data><Data Name='LogonProcessName'>NtLmSsp </Data><Data Name='AuthenticationPackageName'>NTLM</Data><Data Name='WorkstationName'>sde.acme.com</Data><Data Name='TransmittedServices'>-</Data><Data Name='LmPackageName'>-</Data><Data Name='KeyLength'>0</Data><Data Name='ProcessId'>0x0</Data><Data Name='ProcessName'>-</Data><Data Name='IpAddress'>73.34.63.46</Data><Data Name='IpPort'>0</Data></EventData></Event>
09 29 2023 09:03:15 11.1.0.53 <LOC0:INFO> Sep 29 09:03:15 11.1.0.53 EVID:0003 172.16.1.7: login failed for user charles.barber.147 from 192.168.43.11
09 29 2023 09:03:04 11.1.0.53 <LOC0:INFO> Sep 29 09:03:04 11.1.0.53 EVID:0003 172.16.1.13: login failed for user lisa.grimes.143 from 192.168.43.33
09 29 2023 09:02:39 11.1.0.53 <LOC0:INFO> Sep 29 09:02:39 11.1.0.53 EVID:0003 172.16.1.11: login failed for user nathan.friedman from 192.168.43.22
09 29 2023 09:01:32 11.1.0.53 <LOC0:INFO> Sep 29 09:01:32 11.1.0.53 EVID:0003 Server5: login failed for user patricia.burton.78 from 192.168.43.33
09 29 2023 09:00:15 11.1.0.53 <LOC0:INFO> Sep 29 09:00:15 11.1.0.53 EVID:0003 Server4: login failed for user brenda.walker.71 from 192.168.43.17
09 29 2023 08:58:14 11.1.0.53 <LOC0:INFO> Sep 29 08:58:14 11.1.0.53 EVID:0003 Server1: login failed for user amanda.combs.83 from 192.168.43.29
09 29 2023 08:57:01 11.1.0.53 <LOC0:INFO> Sep 29 08:57:01 11.1.0.53 EVID:0003 172.16.1.8: login failed for user jennifer.ballard.92 from 192.168.43.24
09/29/2023 08:57:00 AM : EVID:0003 192.168.3.11: login failed for user  harold.alvarez.60 from 192.168.3.11 Session ID: f70e67f0-16ae-4694-b8b1-00dbde84e13b
09/29/2023 08:57:00 AM : EVID:0003 192.168.3.11: login failed for user  harold.alvarez.60 from 192.168.3.11 Session ID: f70e67f0-16ae-4694-b8b1-00dbde84e13b
09/29/2023 08:57:00 AM : EVID:0003 192.168.3.11: login failed for user  harold.alvarez.60 from 192.168.3.11 Session ID: f70e67f0-16ae-4694-b8b1-00dbde84e13b
09/29/2023 08:57:00 AM : EVID:0003 192.168.3.11: login failed for user  harold.alvarez.60 from 192.168.3.11 Session ID: f70e67f0-16ae-4694-b8b1-00dbde84e13b
09/29/2023 08:57:00 AM : EVID:0003 192.168.3.11: login failed for user  harold.alvarez.60 from 192.168.3.11 Session ID: f70e67f0-16ae-4694-b8b1-00dbde84e13b
09/29/2023 08:57:00 AM : EVID:0003 192.168.3.11: login failed for user  harold.alvarez.60 from 192.168.3.11 Session ID: f70e67f0-16ae-4694-b8b1-00dbde84e13b
09/29/2023 08:57:00 AM : EVID:0003 192.168.3.11: login failed for user  harold.alvarez.60 from 192.168.3.11 Session ID: f70e67f0-16ae-4694-b8b1-00dbde84e13b
09/29/2023 08:57:00 AM : EVID:0003 192.168.3.11: login failed for user  harold.alvarez.60 from 192.168.3.11 Session ID: f70e67f0-16ae-4694-b8b1-00dbde84e13b
09/29/2023 08:57:00 AM : EVID:0003 192.168.3.11: login failed for user  harold.alvarez.60 from 192.168.3.11 Session ID: f70e67f0-16ae-4694-b8b1-00dbde84e13b
09/29/2023 08:57:00 AM : EVID:0003 192.168.3.11: login failed for user  harold.alvarez.60 from 192.168.3.11 Session ID: f70e67f0-16ae-4694-b8b1-00dbde84e13b
09/29/2023 08:56:00 AM : EVID:0003 192.168.3.11: login failed for user  russell.buckley.29 from 192.168.3.11 Session ID: f70e67f0-16ae-4694-b8b1-00dbde84e13b
09/29/2023 08:56:00 AM : EVID:0003 192.168.3.11: login failed for user  russell.buckley.29 from 192.168.3.11 Session ID: f70e67f0-16ae-4694-b8b1-00dbde84e13b
09/29/2023 08:56:00 AM : EVID:0003 192.168.3.11: login failed for user  russell.buckley.29 from 192.168.3.11 Session ID: f70e67f0-16ae-4694-b8b1-00dbde84e13b
09/29/2023 08:56:00 AM : EVID:0003 192.168.3.11: login failed for user  russell.buckley.29 from 192.168.3.11 Session ID: f70e67f0-16ae-4694-b8b1-00dbde84e13b
09/29/2023 08:56:00 AM : EVID:0003 192.168.3.11: login failed for user  russell.buckley.29 from 192.168.3.11 Session ID: f70e67f0-16ae-4694-b8b1-00dbde84e13b
09/29/2023 08:56:00 AM : EVID:0003 192.168.3.11: login failed for user  russell.buckley.29 from 192.168.3.11 Session ID: f70e67f0-16ae-4694-b8b1-00dbde84e13b
09/29/2023 08:56:00 AM : EVID:0003 192.168.3.11: login failed for user  russell.buckley.29 from 192.168.3.11 Session ID: f70e67f0-16ae-4694-b8b1-00dbde84e13b
09/29/2023 08:56:00 AM : EVID:0003 192.168.3.11: login failed for user  russell.buckley.29 from 192.168.3.11 Session ID: f70e67f0-16ae-4694-b8b1-00dbde84e13b
09/29/2023 08:56:00 AM : EVID:0003 192.168.3.11: login failed for user  russell.buckley.29 from 192.168.3.11 Session ID: f70e67f0-16ae-4694-b8b1-00dbde84e13b
09/29/2023 08:56:00 AM : EVID:0003 192.168.3.11: login failed for user  russell.buckley.29 from 192.168.3.11 Session ID: f70e67f0-16ae-4694-b8b1-00dbde84e13b
09 29 2023 08:54:43 11.1.0.53 <LOC0:INFO> Sep 29 08:54:43 11.1.0.53 EVID:0003 172.16.1.9: login failed for user joan.buckley.70 from 192.168.43.20
09 29 2023 08:54:23 11.1.0.53 <LOC0:INFO> Sep 29 08:54:23 11.1.0.53 EVID:0003 Server3: login failed for user roy.blevins.47 from 192.168.43.6
09 29 2023 08:54:21 11.1.0.53 <LOC0:INFO> Sep 29 08:54:21 11.1.0.53 EVID:0003 172.16.1.3: login failed for user victoria.whitaker.35 from 192.168.43.15
09 29 2023 08:54:21 11.1.0.53 <LOC0:INFO> Sep 29 08:54:21 11.1.0.53 EVID:0003 172.16.1.17: login failed for user susan.mccall.42 from 192.168.43.27
09 29 2023 08:54:12 11.1.0.53 <LOC0:INFO> Sep 29 08:54:12 11.1.0.53 EVID:0003 172.16.1.5: login failed for user russell.buckley.29 from 192.168.43.11
09 29 2023 08:52:58 11.1.0.53 <LOC0:INFO> Sep 29 08:52:58 11.1.0.53 EVID:0003 Server1: login failed for user brittany.sandoval.81 from 192.168.43.29
09 29 2023 08:52:36 11.1.0.53 <LOC0:INFO> Sep 29 08:52:36 11.1.0.53 EVID:0003 Server3: login failed for user dylan.barton.39 from 192.168.43.30
09 29 2023 08:52:22 11.1.0.53 <LOC0:INFO> Sep 29 08:52:22 11.1.0.53 EVID:0003 172.16.1.12: login failed for user nicholas.henderson.91 from 192.168.43.15
09 29 2023 08:52:13 11.1.0.53 <LOC0:INFO> Sep 29 08:52:13 11.1.0.53 EVID:0003 172.16.1.9: login failed for user susan.rutledge.17 from 192.168.43.13
09 29 2023 08:51:34 11.1.0.53 <LOC0:INFO> Sep 29 08:51:34 11.1.0.53 EVID:0003 172.16.1.5: login failed for user dorothy.cunningham.25 from 192.168.43.15
09/29/2023 08:51:00 AM : EVID:0003 192.168.3.11: login failed for user  james.nichols.123 from 192.168.3.11 Session ID: f70e67f0-16ae-4694-b8b1-00dbde84e13b
09/29/2023 08:51:00 AM : EVID:0003 192.168.3.11: login failed for user  james.nichols.123 from 192.168.3.11 Session ID: f70e67f0-16ae-4694-b8b1-00dbde84e13b
09/29/2023 08:51:00 AM : EVID:0003 192.168.3.11: login failed for user  james.nichols.123 from 192.168.3.11 Session ID: f70e67f0-16ae-4694-b8b1-00dbde84e13b
09/29/2023 08:51:00 AM : EVID:0003 192.168.3.11: login failed for user  james.nichols.123 from 192.168.3.11 Session ID: f70e67f0-16ae-4694-b8b1-00dbde84e13b
09/29/2023 08:51:00 AM : EVID:0003 192.168.3.11: login failed for user  james.nichols.123 from 192.168.3.11 Session ID: f70e67f0-16ae-4694-b8b1-00dbde84e13b
09/29/2023 08:51:00 AM : EVID:0003 192.168.3.11: login failed for user  james.nichols.123 from 192.168.3.11 Session ID: f70e67f0-16ae-4694-b8b1-00dbde84e13b
09/29/2023 08:51:00 AM : EVID:0003 192.168.3.11: login failed for user  james.nichols.123 from 192.168.3.11 Session ID: f70e67f0-16ae-4694-b8b1-00dbde84e13b
09/29/2023 08:51:00 AM : EVID:0003 192.168.3.11: login failed for user  james.nichols.123 from 192.168.3.11 Session ID: f70e67f0-16ae-4694-b8b1-00dbde84e13b
09/29/2023 08:51:00 AM : EVID:0003 192.168.3.11: login failed for user  james.nichols.123 from 192.168.3.11 Session ID: f70e67f0-16ae-4694-b8b1-00dbde84e13b
09/29/2023 08:51:00 AM : EVID:0003 192.168.3.11: login failed for user  james.nichols.123 from 192.168.3.11 Session ID: f70e67f0-16ae-4694-b8b1-00dbde84e13b
09 29 2023 08:50:53 11.1.0.53 <LOC0:INFO> Sep 29 08:50:53 11.1.0.53 EVID:0003 172.16.1.18: login failed for user susan.mccall.42 from 192.168.43.10
09 29 2023 08:50:51 11.1.0.53 <LOC0:INFO> Sep 29 08:50:51 11.1.0.53 EVID:0003 Server4: login failed for user david.vinson.134 from 192.168.43.1
09 29 2023 08:50:08 11.1.0.53 <LOC0:INFO> Sep 29 08:50:08 11.1.0.53 EVID:0003 172.16.1.3: login failed for user emily.mack.149 from 192.168.43.17
09 29 2023 08:48:58 11.1.0.53 <LOC0:INFO> Sep 29 08:48:58 11.1.0.53 EVID:0003 172.16.1.11: login failed for user charles.merrill.4 from 192.168.43.23
09/29/2023 08:48:00 AM : EVID:0003 192.168.3.52: login failed for user  james.nichols.123 from 192.168.3.52 Session ID: f70e67f0-16ae-4694-b8b1-00dbde84e13b
09/29/2023 08:48:00 AM : EVID:0003 192.168.3.52: login failed for user  james.nichols.123 from 192.168.3.52 Session ID: f70e67f0-16ae-4694-b8b1-00dbde84e13b
09/29/2023 08:48:00 AM : EVID:0003 192.168.3.52: login failed for user  james.nichols.123 from 192.168.3.52 Session ID: f70e67f0-16ae-4694-b8b1-00dbde84e13b
09/29/2023 08:48:00 AM : EVID:0003 192.168.3.52: login failed for user  james.nichols.123 from 192.168.3.52 Session ID: f70e67f0-16ae-4694-b8b1-00dbde84e13b
09/29/2023 08:48:00 AM : EVID:0003 192.168.3.52: login failed for user  james.nichols.123 from 192.168.3.52 Session ID: f70e67f0-16ae-4694-b8b1-00dbde84e13b
09/29/2023 08:48:00 AM : EVID:0003 192.168.3.52: login failed for user  james.nichols.123 from 192.168.3.52 Session ID: f70e67f0-16ae-4694-b8b1-00dbde84e13b
09/29/2023 08:48:00 AM : EVID:0003 192.168.3.52: login failed for user  james.nichols.123 from 192.168.3.52 Session ID: f70e67f0-16ae-4694-b8b1-00dbde84e13b
09/29/2023 08:48:00 AM : EVID:0003 192.168.3.52: login failed for user  james.nichols.123 from 192.168.3.52 Session ID: f70e67f0-16ae-4694-b8b1-00dbde84e13b
09/29/2023 08:48:00 AM : EVID:0003 192.168.3.52: login failed for user  james.nichols.123 from 192.168.3.52 Session ID: f70e67f0-16ae-4694-b8b1-00dbde84e13b
09/29/2023 08:48:00 AM : EVID:0003 192.168.3.52: login failed for user  james.nichols.123 from 192.168.3.52 Session ID: f70e67f0-16ae-4694-b8b1-00dbde84e13b
09 29 2023 08:47:58 11.1.0.53 <LOC0:INFO> Sep 29 08:47:58 11.1.0.53 EVID:0003 172.16.1.17: login failed for user jerry.ortega.148 from 192.168.43.10
09/29/2023 08:47:00 AM : EVID:0003 192.168.3.52: login failed for user  harold.alvarez.60 from 192.168.3.52 Session ID: f70e67f0-16ae-4694-b8b1-00dbde84e13b
09/29/2023 08:47:00 AM : EVID:0003 192.168.3.52: login failed for user  harold.alvarez.60 from 192.168.3.52 Session ID: f70e67f0-16ae-4694-b8b1-00dbde84e13b
09/29/2023 08:47:00 AM : EVID:0003 192.168.3.52: login failed for user  harold.alvarez.60 from 192.168.3.52 Session ID: f70e67f0-16ae-4694-b8b1-00dbde84e13b
09/29/2023 08:47:00 AM : EVID:0003 192.168.3.52: login failed for user  harold.alvarez.60 from 192.168.3.52 Session ID: f70e67f0-16ae-4694-b8b1-00dbde84e13b
09/29/2023 08:47:00 AM : EVID:0003 192.168.3.52: login failed for user  harold.alvarez.60 from 192.168.3.52 Session ID: f70e67f0-16ae-4694-b8b1-00dbde84e13b
09/29/2023 08:47:00 AM : EVID:0003 192.168.3.52: login failed for user  harold.alvarez.60 from 192.168.3.52 Session ID: f70e67f0-16ae-4694-b8b1-00dbde84e13b
09/29/2023 08:47:00 AM : EVID:0003 192.168.3.52: login failed for user  harold.alvarez.60 from 192.168.3.52 Session ID: f70e67f0-16ae-4694-b8b1-00dbde84e13b
09/29/2023 08:47:00 AM : EVID:0003 192.168.3.52: login failed for user  harold.alvarez.60 from 192.168.3.52 Session ID: f70e67f0-16ae-4694-b8b1-00dbde84e13b
09/29/2023 08:47:00 AM : EVID:0003 192.168.3.52: login failed for user  harold.alvarez.60 from 192.168.3.52 Session ID: f70e67f0-16ae-4694-b8b1-00dbde84e13b
09/29/2023 08:47:00 AM : EVID:0003 192.168.3.52: login failed for user  harold.alvarez.60 from 192.168.3.52 Session ID: f70e67f0-16ae-4694-b8b1-00dbde84e13b
09/29/2023 08:45:00 AM : EVID:0003 192.168.3.11: login failed for user  harold.alvarez.60 from 192.168.3.11 Session ID: f70e67f0-16ae-4694-b8b1-00dbde84e13b
09/29/2023 08:45:00 AM : EVID:0003 192.168.3.11: login failed for user  harold.alvarez.60 from 192.168.3.11 Session ID: f70e67f0-16ae-4694-b8b1-00dbde84e13b
09/29/2023 08:45:00 AM : EVID:0003 192.168.3.11: login failed for user  harold.alvarez.60 from 192.168.3.11 Session ID: f70e67f0-16ae-4694-b8b1-00dbde84e13b
09/29/2023 08:45:00 AM : EVID:0003 192.168.3.11: login failed for user  harold.alvarez.60 from 192.168.3.11 Session ID: f70e67f0-16ae-4694-b8b1-00dbde84e13b
09/29/2023 08:45:00 AM : EVID:0003 192.168.3.11: login failed for user  harold.alvarez.60 from 192.168.3.11 Session ID: f70e67f0-16ae-4694-b8b1-00dbde84e13b
09/29/2023 08:45:00 AM : EVID:0003 192.168.3.11: login failed for user  harold.alvarez.60 from 192.168.3.11 Session ID: f70e67f0-16ae-4694-b8b1-00dbde84e13b
09/29/2023 08:45:00 AM : EVID:0003 192.168.3.11: login failed for user  harold.alvarez.60 from 192.168.3.11 Session ID: f70e67f0-16ae-4694-b8b1-00dbde84e13b
09/29/2023 08:45:00 AM : EVID:0003 192.168.3.11: login failed for user  harold.alvarez.60 from 192.168.3.11 Session ID: f70e67f0-16ae-4694-b8b1-00dbde84e13b
09/29/2023 08:45:00 AM : EVID:0003 192.168.3.11: login failed for user  harold.alvarez.60 from 192.168.3.11 Session ID: f70e67f0-16ae-4694-b8b1-00dbde84e13b
09/29/2023 08:45:00 AM : EVID:0003 192.168.3.11: login failed for user  harold.alvarez.60 from 192.168.3.11 Session ID: f70e67f0-16ae-4694-b8b1-00dbde84e13b
09/29/2023 08:45:00 AM : EVID:0003 192.168.3.11: login failed for user  russell.buckley.29 from 192.168.3.11 Session ID: f70e67f0-16ae-4694-b8b1-00dbde84e13b
09/29/2023 08:45:00 AM : EVID:0003 192.168.3.11: login failed for user  russell.buckley.29 from 192.168.3.11 Session ID: f70e67f0-16ae-4694-b8b1-00dbde84e13b
09/29/2023 08:45:00 AM : EVID:0003 192.168.3.11: login failed for user  russell.buckley.29 from 192.168.3.11 Session ID: f70e67f0-16ae-4694-b8b1-00dbde84e13b
09/29/2023 08:45:00 AM : EVID:0003 192.168.3.11: login failed for user  russell.buckley.29 from 192.168.3.11 Session ID: f70e67f0-16ae-4694-b8b1-00dbde84e13b
09/29/2023 08:45:00 AM : EVID:0003 192.168.3.11: login failed for user  russell.buckley.29 from 192.168.3.11 Session ID: f70e67f0-16ae-4694-b8b1-00dbde84e13b
09/29/2023 08:45:00 AM : EVID:0003 192.168.3.11: login failed for user  russell.buckley.29 from 192.168.3.11 Session ID: f70e67f0-16ae-4694-b8b1-00dbde84e13b
09/29/2023 08:45:00 AM : EVID:0003 192.168.3.11: login failed for user  russell.buckley.29 from 192.168.3.11 Session ID: f70e67f0-16ae-4694-b8b1-00dbde84e13b
09/29/2023 08:45:00 AM : EVID:0003 192.168.3.11: login failed for user  russell.buckley.29 from 192.168.3.11 Session ID: f70e67f0-16ae-4694-b8b1-00dbde84e13b
09/29/2023 08:45:00 AM : EVID:0003 192.168.3.11: login failed for user  russell.buckley.29 from 192.168.3.11 Session ID: f70e67f0-16ae-4694-b8b1-00dbde84e13b
09/29/2023 08:45:00 AM : EVID:0003 192.168.3.11: login failed for user  russell.buckley.29 from 192.168.3.11 Session ID: f70e67f0-16ae-4694-b8b1-00dbde84e13b
09/29/2023 08:45:00 AM : EVID:0003 192.168.3.52: login failed for user  russell.buckley.29 from 192.168.3.52 Session ID: f70e67f0-16ae-4694-b8b1-00dbde84e13b
09/29/2023 08:45:00 AM : EVID:0003 192.168.3.52: login failed for user  russell.buckley.29 from 192.168.3.52 Session ID: f70e67f0-16ae-4694-b8b1-00dbde84e13b
09/29/2023 08:45:00 AM : EVID:0003 192.168.3.52: login failed for user  russell.buckley.29 from 192.168.3.52 Session ID: f70e67f0-16ae-4694-b8b1-00dbde84e13b
09/29/2023 08:45:00 AM : EVID:0003 192.168.3.52: login failed for user  russell.buckley.29 from 192.168.3.52 Session ID: f70e67f0-16ae-4694-b8b1-00dbde84e13b
09/29/2023 08:45:00 AM : EVID:0003 192.168.3.52: login failed for user  russell.buckley.29 from 192.168.3.52 Session ID: f70e67f0-16ae-4694-b8b1-00dbde84e13b
09/29/2023 08:45:00 AM : EVID:0003 192.168.3.52: login failed for user  russell.buckley.29 from 192.168.3.52 Session ID: f70e67f0-16ae-4694-b8b1-00dbde84e13b
09/29/2023 08:45:00 AM : EVID:0003 192.168.3.52: login failed for user  russell.buckley.29 from 192.168.3.52 Session ID: f70e67f0-16ae-4694-b8b1-00dbde84e13b
09/29/2023 08:45:00 AM : EVID:0003 192.168.3.52: login failed for user  russell.buckley.29 from 192.168.3.52 Session ID: f70e67f0-16ae-4694-b8b1-00dbde84e13b
09/29/2023 08:45:00 AM : EVID:0003 192.168.3.52: login failed for user  russell.buckley.29 from 192.168.3.52 Session ID: f70e67f0-16ae-4694-b8b1-00dbde84e13b
09/29/2023 08:45:00 AM : EVID:0003 192.168.3.52: login failed for user  russell.buckley.29 from 192.168.3.52 Session ID: f70e67f0-16ae-4694-b8b1-00dbde84e13b
09 29 2023 08:43:27 11.1.0.53 <LOC0:INFO> Sep 29 08:43:27 11.1.0.53 EVID:0003 172.16.1.11: login failed for user russell.buckley.29 from 192.168.43.2
09/29/2023 08:42:00 AM : EVID:0003 192.168.3.11: login failed for user  russell.buckley.29 from 192.168.3.11 Session ID: f70e67f0-16ae-4694-b8b1-00dbde84e13b
09/29/2023 08:42:00 AM : EVID:0003 192.168.3.11: login failed for user  russell.buckley.29 from 192.168.3.11 Session ID: f70e67f0-16ae-4694-b8b1-00dbde84e13b
09/29/2023 08:42:00 AM : EVID:0003 192.168.3.11: login failed for user  russell.buckley.29 from 192.168.3.11 Session ID: f70e67f0-16ae-4694-b8b1-00dbde84e13b
09/29/2023 08:42:00 AM : EVID:0003 192.168.3.11: login failed for user  russell.buckley.29 from 192.168.3.11 Session ID: f70e67f0-16ae-4694-b8b1-00dbde84e13b
09/29/2023 08:42:00 AM : EVID:0003 192.168.3.11: login failed for user  russell.buckley.29 from 192.168.3.11 Session ID: f70e67f0-16ae-4694-b8b1-00dbde84e13b
09/29/2023 08:42:00 AM : EVID:0003 192.168.3.11: login failed for user  russell.buckley.29 from 192.168.3.11 Session ID: f70e67f0-16ae-4694-b8b1-00dbde84e13b
09/29/2023 08:42:00 AM : EVID:0003 192.168.3.11: login failed for user  russell.buckley.29 from 192.168.3.11 Session ID: f70e67f0-16ae-4694-b8b1-00dbde84e13b
09/29/2023 08:42:00 AM : EVID:0003 192.168.3.11: login failed for user  russell.buckley.29 from 192.168.3.11 Session ID: f70e67f0-16ae-4694-b8b1-00dbde84e13b
09/29/2023 08:42:00 AM : EVID:0003 192.168.3.11: login failed for user  russell.buckley.29 from 192.168.3.11 Session ID: f70e67f0-16ae-4694-b8b1-00dbde84e13b
09/29/2023 08:42:00 AM : EVID:0003 192.168.3.11: login failed for user  russell.buckley.29 from 192.168.3.11 Session ID: f70e67f0-16ae-4694-b8b1-00dbde84e13b
09 29 2023 08:40:58 11.1.0.53 <LOC0:INFO> Sep 29 08:40:58 11.1.0.53 EVID:0003 172.16.1.15: login failed for user sara.cummings.48 from 192.168.43.29
09 29 2023 08:40:22 11.1.0.53 <LOC0:INFO> Sep 29 08:40:22 11.1.0.53 EVID:0003 172.16.1.10: login failed for user dylan.mathis.41 from 192.168.43.30
09 29 2023 08:40:01 11.1.0.53 <LOC0:INFO> Sep 29 08:40:01 11.1.0.53 EVID:0003 172.16.1.7: login failed for user anna.russell.40 from 192.168.43.12
09 29 2023 08:39:46 11.1.0.53 <LOC0:INFO> Sep 29 08:39:46 11.1.0.53 EVID:0003 172.16.1.4: login failed for user dorothy.cunningham.25 from 192.168.43.24
09 29 2023 08:39:37 11.1.0.53 <LOC0:INFO> Sep 29 08:39:37 11.1.0.53 EVID:0003 172.16.1.14: login failed for user terry.conway.56 from 192.168.43.31
09 29 2023 08:39:28 11.1.0.53 <LOC0:INFO> Sep 29 08:39:28 11.1.0.53 EVID:0003 Server5: login failed for user alan.williams.53 from 192.168.43.12
09 29 2023 08:39:02 11.1.0.53 <LOC0:INFO> Sep 29 08:39:02 11.1.0.53 EVID:0003 172.16.1.9: login failed for user nancy.mcgowan.72 from 192.168.43.11
09 29 2023 08:38:48 11.1.0.53 <LOC0:INFO> Sep 29 08:38:48 11.1.0.53 EVID:0003 172.16.1.4: login failed for user danielle.watkins.27 from 192.168.43.26
09 29 2023 08:37:56 11.1.0.53 <LOC0:INFO> Sep 29 08:37:56 11.1.0.53 EVID:0003 172.16.1.20: login failed for user roy.blevins.47 from 192.168.43.29
09 29 2023 08:35:56 11.1.0.53 <LOC0:INFO> Sep 29 08:35:56 11.1.0.53 EVID:0003 172.16.1.16: login failed for user sam.harrison from 192.168.43.12
09 29 2023 08:35:31 11.1.0.53 <LOC0:INFO> Sep 29 08:35:31 11.1.0.53 EVID:0003 Server5: login failed for user andrea.wilkinson.138 from 192.168.43.28
09 29 2023 08:35:10 11.1.0.53 <LOC0:INFO> Sep 29 08:35:10 11.1.0.53 EVID:0003 172.16.1.14: login failed for user julia.morton.34 from 192.168.43.22
09/29/2023 08:35:00 AM : EVID:0003 192.168.3.52: login failed for user  james.nichols.123 from 192.168.3.52 Session ID: f70e67f0-16ae-4694-b8b1-00dbde84e13b
09/29/2023 08:35:00 AM : EVID:0003 192.168.3.52: login failed for user  james.nichols.123 from 192.168.3.52 Session ID: f70e67f0-16ae-4694-b8b1-00dbde84e13b
09/29/2023 08:35:00 AM : EVID:0003 192.168.3.52: login failed for user  james.nichols.123 from 192.168.3.52 Session ID: f70e67f0-16ae-4694-b8b1-00dbde84e13b
09/29/2023 08:35:00 AM : EVID:0003 192.168.3.52: login failed for user  james.nichols.123 from 192.168.3.52 Session ID: f70e67f0-16ae-4694-b8b1-00dbde84e13b
09/29/2023 08:35:00 AM : EVID:0003 192.168.3.52: login failed for user  james.nichols.123 from 192.168.3.52 Session ID: f70e67f0-16ae-4694-b8b1-00dbde84e13b
09/29/2023 08:35:00 AM : EVID:0003 192.168.3.52: login failed for user  james.nichols.123 from 192.168.3.52 Session ID: f70e67f0-16ae-4694-b8b1-00dbde84e13b
09/29/2023 08:35:00 AM : EVID:0003 192.168.3.52: login failed for user  james.nichols.123 from 192.168.3.52 Session ID: f70e67f0-16ae-4694-b8b1-00dbde84e13b
09/29/2023 08:35:00 AM : EVID:0003 192.168.3.52: login failed for user  james.nichols.123 from 192.168.3.52 Session ID: f70e67f0-16ae-4694-b8b1-00dbde84e13b
09/29/2023 08:35:00 AM : EVID:0003 192.168.3.52: login failed for user  james.nichols.123 from 192.168.3.52 Session ID: f70e67f0-16ae-4694-b8b1-00dbde84e13b
09/29/2023 08:35:00 AM : EVID:0003 192.168.3.52: login failed for user  james.nichols.123 from 192.168.3.52 Session ID: f70e67f0-16ae-4694-b8b1-00dbde84e13b
09 29 2023 08:34:36 11.1.0.53 <LOC0:INFO> Sep 29 08:34:36 11.1.0.53 EVID:0003 Server1: login failed for user theresa.potter.55 from 192.168.43.2
09 29 2023 08:34:26 11.1.0.53 <LOC0:INFO> Sep 29 08:34:26 11.1.0.53 EVID:0003 172.16.1.2: login failed for user charles.barber.147 from 192.168.43.10
09 29 2023 08:34:10 11.1.0.53 <LOC0:INFO> Sep 29 08:34:10 11.1.0.53 EVID:0003 172.16.1.2: login failed for user sophia.carrillo.32 from 192.168.43.26
09 29 2023 08:33:21 11.1.0.53 <LOC0:INFO> Sep 29 08:33:21 11.1.0.53 EVID:0003 172.16.1.18: login failed for user judith.curry.88 from 192.168.43.1
09 29 2023 08:33:17 11.1.0.53 <LOC0:INFO> Sep 29 08:33:17 11.1.0.53 EVID:0003 172.16.1.17: login failed for user debra.elliott.145 from 192.168.43.23
09 29 2023 08:32:58 11.1.0.53 <LOC0:INFO> Sep 29 08:32:58 11.1.0.53 EVID:0003 Server3: login failed for user richard.chambers.137 from 192.168.43.29
09 29 2023 08:32:20 11.1.0.53 <LOC0:INFO> Sep 29 08:32:20 11.1.0.53 EVID:0003 Server5: login failed for user bryan.baker.141 from 192.168.43.24
09 29 2023 08:31:19 11.1.0.53 <LOC0:INFO> Sep 29 08:31:19 11.1.0.53 EVID:0003 172.16.1.10: login failed for user arthur.turner.2 from 192.168.43.22
09 29 2023 08:30:55 11.1.0.53 <LOC0:INFO> Sep 29 08:30:55 11.1.0.53 EVID:0003 172.16.1.20: login failed for user charles.merrill.4 from 192.168.43.15
09 29 2023 08:29:21 11.1.0.53 <LOC0:INFO> Sep 29 08:29:21 11.1.0.53 EVID:0003 172.16.1.16: login failed for user patricia.burton.78 from 192.168.43.16
09 29 2023 08:29:02 11.1.0.53 <LOC0:INFO> Sep 29 08:29:02 11.1.0.53 EVID:0003 172.16.1.20: login failed for user debra.elliott.145 from 192.168.43.3
09 29 2023 08:28:39 11.1.0.53 <LOC0:INFO> Sep 29 08:28:39 11.1.0.53 EVID:0003 172.16.1.14: login failed for user carol.humphrey.74 from 192.168.43.4
09 29 2023 08:28:21 11.1.0.53 <LOC0:INFO> Sep 29 08:28:21 11.1.0.53 EVID:0003 172.16.1.7: login failed for user charles.nieves.80 from 192.168.43.4
09/29/2023 08:28:00 AM : EVID:0003 192.168.3.11: login failed for user  russell.buckley.29 from 192.168.3.11 Session ID: f70e67f0-16ae-4694-b8b1-00dbde84e13b
09/29/2023 08:28:00 AM : EVID:0003 192.168.3.11: login failed for user  russell.buckley.29 from 192.168.3.11 Session ID: f70e67f0-16ae-4694-b8b1-00dbde84e13b
09/29/2023 08:28:00 AM : EVID:0003 192.168.3.11: login failed for user  russell.buckley.29 from 192.168.3.11 Session ID: f70e67f0-16ae-4694-b8b1-00dbde84e13b
09/29/2023 08:28:00 AM : EVID:0003 192.168.3.11: login failed for user  russell.buckley.29 from 192.168.3.11 Session ID: f70e67f0-16ae-4694-b8b1-00dbde84e13b
09/29/2023 08:28:00 AM : EVID:0003 192.168.3.11: login failed for user  russell.buckley.29 from 192.168.3.11 Session ID: f70e67f0-16ae-4694-b8b1-00dbde84e13b
09/29/2023 08:28:00 AM : EVID:0003 192.168.3.11: login failed for user  russell.buckley.29 from 192.168.3.11 Session ID: f70e67f0-16ae-4694-b8b1-00dbde84e13b
09/29/2023 08:28:00 AM : EVID:0003 192.168.3.11: login failed for user  russell.buckley.29 from 192.168.3.11 Session ID: f70e67f0-16ae-4694-b8b1-00dbde84e13b
09/29/2023 08:28:00 AM : EVID:0003 192.168.3.11: login failed for user  russell.buckley.29 from 192.168.3.11 Session ID: f70e67f0-16ae-4694-b8b1-00dbde84e13b
09/29/2023 08:28:00 AM : EVID:0003 192.168.3.11: login failed for user  russell.buckley.29 from 192.168.3.11 Session ID: f70e67f0-16ae-4694-b8b1-00dbde84e13b
09/29/2023 08:28:00 AM : EVID:0003 192.168.3.11: login failed for user  russell.buckley.29 from 192.168.3.11 Session ID: f70e67f0-16ae-4694-b8b1-00dbde84e13b
09 29 2023 08:27:46 11.1.0.53 <LOC0:INFO> Sep 29 08:27:46 11.1.0.53 EVID:0003 172.16.1.20: login failed for user debra.elliott.145 from 192.168.43.26
09 29 2023 08:26:50 11.1.0.53 <LOC0:INFO> Sep 29 08:26:50 11.1.0.53 EVID:0003 172.16.1.7: login failed for user marcos.alvarez from 192.168.43.31
09 29 2023 08:26:23 11.1.0.53 <LOC0:INFO> Sep 29 08:26:23 11.1.0.53 EVID:0003 172.16.1.7: login failed for user lisa.rojas.69 from 192.168.43.29
09 29 2023 08:25:15 11.1.0.53 <LOC0:INFO> Sep 29 08:25:15 11.1.0.53 EVID:0003 172.16.1.6: login failed for user lawrence.rodriquez.59 from 192.168.43.8
09 29 2023 08:25:13 11.1.0.53 <LOC0:INFO> Sep 29 08:25:13 11.1.0.53 EVID:0003 172.16.1.2: login failed for user amanda.combs.83 from 192.168.43.32
09 29 2023 08:24:43 11.1.0.53 <LOC0:INFO> Sep 29 08:24:43 11.1.0.53 EVID:0003 Server5: login failed for user lisa.rojas.69 from 192.168.43.16
09 29 2023 08:22:54 11.1.0.53 <LOC0:INFO> Sep 29 08:22:54 11.1.0.53 EVID:0003 172.16.1.15: login failed for user jerry.ortega.148 from 192.168.43.20
09 29 2023 08:21:29 11.1.0.53 <LOC0:INFO> Sep 29 08:21:29 11.1.0.53 EVID:0003 172.16.1.11: login failed for user harold.burris.22 from 192.168.43.21
09 29 2023 08:19:50 11.1.0.53 <LOC0:INFO> Sep 29 08:19:50 11.1.0.53 EVID:0003 172.16.1.20: login failed for user jordan.buckley.16 from 192.168.43.19
09 29 2023 08:19:29 11.1.0.53 <LOC0:INFO> Sep 29 08:19:29 11.1.0.53 EVID:0003 172.16.1.15: login failed for user brittany.sandoval.81 from 192.168.43.7
09/29/2023 08:19:00 AM : EVID:0003 192.168.3.52: login failed for user  harold.alvarez.60 from 192.168.3.52 Session ID: f70e67f0-16ae-4694-b8b1-00dbde84e13b
09/29/2023 08:19:00 AM : EVID:0003 192.168.3.52: login failed for user  harold.alvarez.60 from 192.168.3.52 Session ID: f70e67f0-16ae-4694-b8b1-00dbde84e13b
09/29/2023 08:19:00 AM : EVID:0003 192.168.3.52: login failed for user  harold.alvarez.60 from 192.168.3.52 Session ID: f70e67f0-16ae-4694-b8b1-00dbde84e13b
09/29/2023 08:19:00 AM : EVID:0003 192.168.3.52: login failed for user  harold.alvarez.60 from 192.168.3.52 Session ID: f70e67f0-16ae-4694-b8b1-00dbde84e13b
09/29/2023 08:19:00 AM : EVID:0003 192.168.3.52: login failed for user  harold.alvarez.60 from 192.168.3.52 Session ID: f70e67f0-16ae-4694-b8b1-00dbde84e13b
09/29/2023 08:19:00 AM : EVID:0003 192.168.3.52: login failed for user  harold.alvarez.60 from 192.168.3.52 Session ID: f70e67f0-16ae-4694-b8b1-00dbde84e13b
09/29/2023 08:19:00 AM : EVID:0003 192.168.3.52: login failed for user  harold.alvarez.60 from 192.168.3.52 Session ID: f70e67f0-16ae-4694-b8b1-00dbde84e13b
09/29/2023 08:19:00 AM : EVID:0003 192.168.3.52: login failed for user  harold.alvarez.60 from 192.168.3.52 Session ID: f70e67f0-16ae-4694-b8b1-00dbde84e13b
09/29/2023 08:19:00 AM : EVID:0003 192.168.3.52: login failed for user  harold.alvarez.60 from 192.168.3.52 Session ID: f70e67f0-16ae-4694-b8b1-00dbde84e13b
09/29/2023 08:19:00 AM : EVID:0003 192.168.3.52: login failed for user  harold.alvarez.60 from 192.168.3.52 Session ID: f70e67f0-16ae-4694-b8b1-00dbde84e13b
09 29 2023 08:18:38 11.1.0.53 <LOC0:INFO> Sep 29 08:18:38 11.1.0.53 EVID:0003 172.16.1.3: login failed for user richard.chambers.137 from 192.168.43.7
09 29 2023 08:17:07 11.1.0.53 <LOC0:INFO> Sep 29 08:17:07 11.1.0.53 EVID:0003 Server5: login failed for user maria.washington.150 from 192.168.43.6
09 29 2023 08:15:41 11.1.0.53 <LOC0:INFO> Sep 29 08:15:41 11.1.0.53 EVID:0003 172.16.1.10: login failed for user sandra.jackson.86 from 192.168.43.13
09 29 2023 08:14:46 11.1.0.53 <LOC0:INFO> Sep 29 08:14:46 11.1.0.53 EVID:0003 172.16.1.5: login failed for user victoria.dudley.52 from 192.168.43.6
09 29 2023 08:12:48 11.1.0.53 <LOC0:INFO> Sep 29 08:12:48 11.1.0.53 EVID:0003 172.16.1.3: login failed for user nathan.henson.33 from 192.168.43.14
09 29 2023 08:11:57 11.1.0.53 <LOC0:INFO> Sep 29 08:11:57 11.1.0.53 EVID:0003 Server1: login failed for user terry.conway.56 from 192.168.43.24
09/29/2023 08:11:00 AM : EVID:0003 192.168.3.11: login failed for user  russell.buckley.29 from 192.168.3.11 Session ID: f70e67f0-16ae-4694-b8b1-00dbde84e13b
09/29/2023 08:11:00 AM : EVID:0003 192.168.3.11: login failed for user  russell.buckley.29 from 192.168.3.11 Session ID: f70e67f0-16ae-4694-b8b1-00dbde84e13b
09/29/2023 08:11:00 AM : EVID:0003 192.168.3.11: login failed for user  russell.buckley.29 from 192.168.3.11 Session ID: f70e67f0-16ae-4694-b8b1-00dbde84e13b
09/29/2023 08:11:00 AM : EVID:0003 192.168.3.11: login failed for user  russell.buckley.29 from 192.168.3.11 Session ID: f70e67f0-16ae-4694-b8b1-00dbde84e13b
09/29/2023 08:11:00 AM : EVID:0003 192.168.3.11: login failed for user  russell.buckley.29 from 192.168.3.11 Session ID: f70e67f0-16ae-4694-b8b1-00dbde84e13b
09/29/2023 08:11:00 AM : EVID:0003 192.168.3.11: login failed for user  russell.buckley.29 from 192.168.3.11 Session ID: f70e67f0-16ae-4694-b8b1-00dbde84e13b
09/29/2023 08:11:00 AM : EVID:0003 192.168.3.11: login failed for user  russell.buckley.29 from 192.168.3.11 Session ID: f70e67f0-16ae-4694-b8b1-00dbde84e13b
09/29/2023 08:11:00 AM : EVID:0003 192.168.3.11: login failed for user  russell.buckley.29 from 192.168.3.11 Session ID: f70e67f0-16ae-4694-b8b1-00dbde84e13b
09/29/2023 08:11:00 AM : EVID:0003 192.168.3.11: login failed for user  russell.buckley.29 from 192.168.3.11 Session ID: f70e67f0-16ae-4694-b8b1-00dbde84e13b
09/29/2023 08:11:00 AM : EVID:0003 192.168.3.11: login failed for user  russell.buckley.29 from 192.168.3.11 Session ID: f70e67f0-16ae-4694-b8b1-00dbde84e13b
09 29 2023 08:08:48 11.1.0.53 <LOC0:INFO> Sep 29 08:08:48 11.1.0.53 EVID:0003 172.16.1.14: login failed for user heather.bright.19 from 192.168.43.30
09 29 2023 08:08:31 11.1.0.53 <LOC0:INFO> Sep 29 08:08:31 11.1.0.53 EVID:0003 172.16.1.7: login failed for user david.addison from 192.168.43.28
09 29 2023 08:08:25 11.1.0.53 <LOC0:INFO> Sep 29 08:08:25 11.1.0.53 EVID:0003 172.16.1.6: login failed for user joan.donovan.18 from 192.168.43.3
09/29/2023 08:08:00 AM : EVID:0003 192.168.3.52: login failed for user  harold.alvarez.60 from 192.168.3.52 Session ID: f70e67f0-16ae-4694-b8b1-00dbde84e13b
09/29/2023 08:08:00 AM : EVID:0003 192.168.3.52: login failed for user  harold.alvarez.60 from 192.168.3.52 Session ID: f70e67f0-16ae-4694-b8b1-00dbde84e13b
09/29/2023 08:08:00 AM : EVID:0003 192.168.3.52: login failed for user  harold.alvarez.60 from 192.168.3.52 Session ID: f70e67f0-16ae-4694-b8b1-00dbde84e13b
09/29/2023 08:08:00 AM : EVID:0003 192.168.3.52: login failed for user  harold.alvarez.60 from 192.168.3.52 Session ID: f70e67f0-16ae-4694-b8b1-00dbde84e13b
09/29/2023 08:08:00 AM : EVID:0003 192.168.3.52: login failed for user  harold.alvarez.60 from 192.168.3.52 Session ID: f70e67f0-16ae-4694-b8b1-00dbde84e13b
09/29/2023 08:08:00 AM : EVID:0003 192.168.3.52: login failed for user  harold.alvarez.60 from 192.168.3.52 Session ID: f70e67f0-16ae-4694-b8b1-00dbde84e13b
09/29/2023 08:08:00 AM : EVID:0003 192.168.3.52: login failed for user  harold.alvarez.60 from 192.168.3.52 Session ID: f70e67f0-16ae-4694-b8b1-00dbde84e13b
09/29/2023 08:08:00 AM : EVID:0003 192.168.3.52: login failed for user  harold.alvarez.60 from 192.168.3.52 Session ID: f70e67f0-16ae-4694-b8b1-00dbde84e13b
09/29/2023 08:08:00 AM : EVID:0003 192.168.3.52: login failed for user  harold.alvarez.60 from 192.168.3.52 Session ID: f70e67f0-16ae-4694-b8b1-00dbde84e13b
09/29/2023 08:08:00 AM : EVID:0003 192.168.3.52: login failed for user  harold.alvarez.60 from 192.168.3.52 Session ID: f70e67f0-16ae-4694-b8b1-00dbde84e13b
09 29 2023 08:07:58 11.1.0.53 <LOC0:INFO> Sep 29 08:07:58 11.1.0.53 EVID:0003 172.16.1.13: login failed for user sandra.jackson.86 from 192.168.43.16
09 29 2023 08:07:17 11.1.0.53 <LOC0:INFO> Sep 29 08:07:17 11.1.0.53 EVID:0003 172.16.1.7: login failed for user victoria.russell.130 from 192.168.43.8
09/29/2023 08:07:00 AM : EVID:0003 192.168.3.11: login failed for user  russell.buckley.29 from 192.168.3.11 Session ID: f70e67f0-16ae-4694-b8b1-00dbde84e13b
09/29/2023 08:07:00 AM : EVID:0003 192.168.3.11: login failed for user  russell.buckley.29 from 192.168.3.11 Session ID: f70e67f0-16ae-4694-b8b1-00dbde84e13b
09/29/2023 08:07:00 AM : EVID:0003 192.168.3.11: login failed for user  russell.buckley.29 from 192.168.3.11 Session ID: f70e67f0-16ae-4694-b8b1-00dbde84e13b
09/29/2023 08:07:00 AM : EVID:0003 192.168.3.11: login failed for user  russell.buckley.29 from 192.168.3.11 Session ID: f70e67f0-16ae-4694-b8b1-00dbde84e13b
09/29/2023 08:07:00 AM : EVID:0003 192.168.3.11: login failed for user  russell.buckley.29 from 192.168.3.11 Session ID: f70e67f0-16ae-4694-b8b1-00dbde84e13b
09/29/2023 08:07:00 AM : EVID:0003 192.168.3.11: login failed for user  russell.buckley.29 from 192.168.3.11 Session ID: f70e67f0-16ae-4694-b8b1-00dbde84e13b
09/29/2023 08:07:00 AM : EVID:0003 192.168.3.11: login failed for user  russell.buckley.29 from 192.168.3.11 Session ID: f70e67f0-16ae-4694-b8b1-00dbde84e13b
09/29/2023 08:07:00 AM : EVID:0003 192.168.3.11: login failed for user  russell.buckley.29 from 192.168.3.11 Session ID: f70e67f0-16ae-4694-b8b1-00dbde84e13b
09/29/2023 08:07:00 AM : EVID:0003 192.168.3.11: login failed for user  russell.buckley.29 from 192.168.3.11 Session ID: f70e67f0-16ae-4694-b8b1-00dbde84e13b
09/29/2023 08:07:00 AM : EVID:0003 192.168.3.11: login failed for user  russell.buckley.29 from 192.168.3.11 Session ID: f70e67f0-16ae-4694-b8b1-00dbde84e13b
09 29 2023 08:06:25 11.1.0.53 <LOC0:INFO> Sep 29 08:06:25 11.1.0.53 EVID:0003 Server5: login failed for user brian.norman.75 from 192.168.43.2
09/29/2023 08:06:00 AM : EVID:0003 192.168.3.52: login failed for user  russell.buckley.29 from 192.168.3.52 Session ID: f70e67f0-16ae-4694-b8b1-00dbde84e13b
09/29/2023 08:06:00 AM : EVID:0003 192.168.3.52: login failed for user  russell.buckley.29 from 192.168.3.52 Session ID: f70e67f0-16ae-4694-b8b1-00dbde84e13b
09/29/2023 08:06:00 AM : EVID:0003 192.168.3.52: login failed for user  russell.buckley.29 from 192.168.3.52 Session ID: f70e67f0-16ae-4694-b8b1-00dbde84e13b
09/29/2023 08:06:00 AM : EVID:0003 192.168.3.52: login failed for user  russell.buckley.29 from 192.168.3.52 Session ID: f70e67f0-16ae-4694-b8b1-00dbde84e13b
09/29/2023 08:06:00 AM : EVID:0003 192.168.3.52: login failed for user  russell.buckley.29 from 192.168.3.52 Session ID: f70e67f0-16ae-4694-b8b1-00dbde84e13b
09/29/2023 08:06:00 AM : EVID:0003 192.168.3.52: login failed for user  russell.buckley.29 from 192.168.3.52 Session ID: f70e67f0-16ae-4694-b8b1-00dbde84e13b
09/29/2023 08:06:00 AM : EVID:0003 192.168.3.52: login failed for user  russell.buckley.29 from 192.168.3.52 Session ID: f70e67f0-16ae-4694-b8b1-00dbde84e13b
09/29/2023 08:06:00 AM : EVID:0003 192.168.3.52: login failed for user  russell.buckley.29 from 192.168.3.52 Session ID: f70e67f0-16ae-4694-b8b1-00dbde84e13b
09/29/2023 08:06:00 AM : EVID:0003 192.168.3.52: login failed for user  russell.buckley.29 from 192.168.3.52 Session ID: f70e67f0-16ae-4694-b8b1-00dbde84e13b
09/29/2023 08:06:00 AM : EVID:0003 192.168.3.52: login failed for user  russell.buckley.29 from 192.168.3.52 Session ID: f70e67f0-16ae-4694-b8b1-00dbde84e13b
09 29 2023 08:05:52 11.1.0.53 <LOC0:INFO> Sep 29 08:05:52 11.1.0.53 EVID:0003 172.16.1.18: login failed for user victoria.finley.37 from 192.168.43.21
09 29 2023 08:05:39 11.1.0.53 <LOC0:INFO> Sep 29 08:05:39 11.1.0.53 EVID:0003 172.16.1.9: login failed for user susan.hill.132 from 192.168.43.18
09 29 2023 08:03:47 11.1.0.53 <LOC0:INFO> Sep 29 08:03:47 11.1.0.53 EVID:0003 172.16.1.11: login failed for user brittany.sandoval.81 from 192.168.43.33
09 29 2023 08:03:14 11.1.0.53 <LOC0:INFO> Sep 29 08:03:14 11.1.0.53 EVID:0003 172.16.1.18: login failed for user dillion.matthews from 192.168.43.3
<Event xmlns='http://schemas.microsoft.com/win/2004/08/events/event'><System><Provider Name='Microsoft-Windows-Security-Auditing' Guid='{54849625-5478-4994-a5ba-3e3b0328c30d}'/><EventID>4625</EventID><Version>0</Version><Level>Information</Level><Task>Account Lockout</Task><Opcode>Info</Opcode><Keywords>Audit Failure</Keywords><TimeCreated SystemTime='2020-03-13T17:43:51.077598100Z'/><EventRecordID>21333813</EventRecordID><Correlation ActivityID='{3d0f62c6-f5f1-0000-d462-0f3df1f5d501}'/><Execution ProcessID='632' ThreadID='7356'/><Channel>Security</Channel><Computer>BO1SERDP-01.sde.acme.com</Computer><Security/></System><EventData><Data Name='SubjectUserSid'>NULL SID</Data><Data Name='SubjectUserName'>-</Data><Data Name='SubjectDomainName'>-</Data><Data Name='SubjectLogonId'>0x0</Data><Data Name='TargetUserSid'>NULL SID</Data><Data Name='TargetUserName'>bad.user1</Data><Data Name='TargetDomainName'></Data><Data Name='Status'>0xc0000234</Data><Data Name='FailureReason'>%%2307</Data><Data Name='SubStatus'>0x0</Data><Data Name='LogonType'>3</Data><Data Name='LogonProcessName'>NtLmSsp </Data><Data Name='AuthenticationPackageName'>NTLM</Data><Data Name='WorkstationName'>sde.acme.com</Data><Data Name='TransmittedServices'>-</Data><Data Name='LmPackageName'>-</Data><Data Name='KeyLength'>0</Data><Data Name='ProcessId'>0x0</Data><Data Name='ProcessName'>-</Data><Data Name='IpAddress'>73.34.63.46</Data><Data Name='IpPort'>0</Data></EventData></Event>
<Event xmlns='http://schemas.microsoft.com/win/2004/08/events/event'><System><Provider Name='Microsoft-Windows-Security-Auditing' Guid='{54849625-5478-4994-a5ba-3e3b0328c30d}'/><EventID>4625</EventID><Version>0</Version><Level>Information</Level><Task>Account Lockout</Task><Opcode>Info</Opcode><Keywords>Audit Failure</Keywords><TimeCreated SystemTime='2020-03-13T17:43:51.077598100Z'/><EventRecordID>21333813</EventRecordID><Correlation ActivityID='{3d0f62c6-f5f1-0000-d462-0f3df1f5d501}'/><Execution ProcessID='632' ThreadID='7356'/><Channel>Security</Channel><Computer>BO1SERDP-01.sde.acme.com</Computer><Security/></System><EventData><Data Name='SubjectUserSid'>NULL SID</Data><Data Name='SubjectUserName'>-</Data><Data Name='SubjectDomainName'>-</Data><Data Name='SubjectLogonId'>0x0</Data><Data Name='TargetUserSid'>NULL SID</Data><Data Name='TargetUserName'>bad.user1</Data><Data Name='TargetDomainName'></Data><Data Name='Status'>0xc0000234</Data><Data Name='FailureReason'>%%2307</Data><Data Name='SubStatus'>0x0</Data><Data Name='LogonType'>3</Data><Data Name='LogonProcessName'>NtLmSsp </Data><Data Name='AuthenticationPackageName'>NTLM</Data><Data Name='WorkstationName'>sde.acme.com</Data><Data Name='TransmittedServices'>-</Data><Data Name='LmPackageName'>-</Data><Data Name='KeyLength'>0</Data><Data Name='ProcessId'>0x0</Data><Data Name='ProcessName'>-</Data><Data Name='IpAddress'>73.34.63.46</Data><Data Name='IpPort'>0</Data></EventData></Event>
<Event xmlns='http://schemas.microsoft.com/win/2004/08/events/event'><System><Provider Name='Microsoft-Windows-Security-Auditing' Guid='{54849625-5478-4994-a5ba-3e3b0328c30d}'/><EventID>4625</EventID><Version>0</Version><Level>Information</Level><Task>Account Lockout</Task><Opcode>Info</Opcode><Keywords>Audit Failure</Keywords><TimeCreated SystemTime='2020-03-13T17:43:51.077598100Z'/><EventRecordID>21333813</EventRecordID><Correlation ActivityID='{3d0f62c6-f5f1-0000-d462-0f3df1f5d501}'/><Execution ProcessID='632' ThreadID='7356'/><Channel>Security</Channel><Computer>BO1SERDP-01.sde.acme.com</Computer><Security/></System><EventData><Data Name='SubjectUserSid'>NULL SID</Data><Data Name='SubjectUserName'>-</Data><Data Name='SubjectDomainName'>-</Data><Data Name='SubjectLogonId'>0x0</Data><Data Name='TargetUserSid'>NULL SID</Data><Data Name='TargetUserName'>bad.user1</Data><Data Name='TargetDomainName'></Data><Data Name='Status'>0xc0000234</Data><Data Name='FailureReason'>%%2307</Data><Data Name='SubStatus'>0x0</Data><Data Name='LogonType'>3</Data><Data Name='LogonProcessName'>NtLmSsp </Data><Data Name='AuthenticationPackageName'>NTLM</Data><Data Name='WorkstationName'>sde.acme.com</Data><Data Name='TransmittedServices'>-</Data><Data Name='LmPackageName'>-</Data><Data Name='KeyLength'>0</Data><Data Name='ProcessId'>0x0</Data><Data Name='ProcessName'>-</Data><Data Name='IpAddress'>73.34.63.46</Data><Data Name='IpPort'>0</Data></EventData></Event>
<Event xmlns='http://schemas.microsoft.com/win/2004/08/events/event'><System><Provider Name='Microsoft-Windows-Security-Auditing' Guid='{54849625-5478-4994-a5ba-3e3b0328c30d}'/><EventID>4625</EventID><Version>0</Version><Level>Information</Level><Task>Account Lockout</Task><Opcode>Info</Opcode><Keywords>Audit Failure</Keywords><TimeCreated SystemTime='2020-03-13T17:43:51.077598100Z'/><EventRecordID>21333813</EventRecordID><Correlation ActivityID='{3d0f62c6-f5f1-0000-d462-0f3df1f5d501}'/><Execution ProcessID='632' ThreadID='7356'/><Channel>Security</Channel><Computer>BO1SERDP-01.sde.acme.com</Computer><Security/></System><EventData><Data Name='SubjectUserSid'>NULL SID</Data><Data Name='SubjectUserName'>-</Data><Data Name='SubjectDomainName'>-</Data><Data Name='SubjectLogonId'>0x0</Data><Data Name='TargetUserSid'>NULL SID</Data><Data Name='TargetUserName'>bad.user1</Data><Data Name='TargetDomainName'></Data><Data Name='Status'>0xc0000234</Data><Data Name='FailureReason'>%%2307</Data><Data Name='SubStatus'>0x0</Data><Data Name='LogonType'>3</Data><Data Name='LogonProcessName'>NtLmSsp </Data><Data Name='AuthenticationPackageName'>NTLM</Data><Data Name='WorkstationName'>sde.acme.com</Data><Data Name='TransmittedServices'>-</Data><Data Name='LmPackageName'>-</Data><Data Name='KeyLength'>0</Data><Data Name='ProcessId'>0x0</Data><Data Name='ProcessName'>-</Data><Data Name='IpAddress'>73.34.63.46</Data><Data Name='IpPort'>0</Data></EventData></Event>
<Event xmlns='http://schemas.microsoft.com/win/2004/08/events/event'><System><Provider Name='Microsoft-Windows-Security-Auditing' Guid='{54849625-5478-4994-a5ba-3e3b0328c30d}'/><EventID>4625</EventID><Version>0</Version><Level>Information</Level><Task>Account Lockout</Task><Opcode>Info</Opcode><Keywords>Audit Failure</Keywords><TimeCreated SystemTime='2020-03-13T17:43:51.077598100Z'/><EventRecordID>21333813</EventRecordID><Correlation ActivityID='{3d0f62c6-f5f1-0000-d462-0f3df1f5d501}'/><Execution ProcessID='632' ThreadID='7356'/><Channel>Security</Channel><Computer>BO1SERDP-01.sde.acme.com</Computer><Security/></System><EventData><Data Name='SubjectUserSid'>NULL SID</Data><Data Name='SubjectUserName'>-</Data><Data Name='SubjectDomainName'>-</Data><Data Name='SubjectLogonId'>0x0</Data><Data Name='TargetUserSid'>NULL SID</Data><Data Name='TargetUserName'>bad.user1</Data><Data Name='TargetDomainName'></Data><Data Name='Status'>0xc0000234</Data><Data Name='FailureReason'>%%2307</Data><Data Name='SubStatus'>0x0</Data><Data Name='LogonType'>3</Data><Data Name='LogonProcessName'>NtLmSsp </Data><Data Name='AuthenticationPackageName'>NTLM</Data><Data Name='WorkstationName'>sde.acme.com</Data><Data Name='TransmittedServices'>-</Data><Data Name='LmPackageName'>-</Data><Data Name='KeyLength'>0</Data><Data Name='ProcessId'>0x0</Data><Data Name='ProcessName'>-</Data><Data Name='IpAddress'>73.34.63.46</Data><Data Name='IpPort'>0</Data></EventData></Event>
