<Event xmlns='http://schemas.microsoft.com/win/2004/08/events/event'><System><Provider Name='Microsoft-Windows-Security-Auditing' Guid='{54849625-5478-4994-A5BA-3E3B0328C30D}'/><EventID>4625</EventID><Version>0</Version><Level>Information</Level><Task>Logon</Task><Opcode>Info</Opcode><Keywords>Audit Failure</Keywords><TimeCreated SystemTime='2017-09-21T04:17:54.582883000Z'/><EventRecordID>920353</EventRecordID><Correlation/><Execution ProcessID='556' ThreadID='8084'/><Channel>Security</Channel><Computer>LRXM</Computer><Security/></System><EventData><Data Name='SubjectUserSid'>LRXM\Alice3</Data><Data Name='SubjectUserName'>Alice3</Data><Data Name='SubjectDomainName'>LRXM</Data><Data Name='SubjectLogonId'>0x150b9d1</Data><Data Name='TargetUserSid'>NULL SID</Data><Data Name='TargetUserName'>Admin5</Data><Data Name='TargetDomainName'>lrxm</Data><Data Name='Status'>0xc000006d</Data><Data Name='FailureReason'>%%2313</Data><Data Name='SubStatus'>0xc000006a</Data><Data Name='LogonType'>2</Data><Data Name='LogonProcessName'>seclogo</Data><Data Name='AuthenticationPackageName'>Negotiate</Data><Data Name='WorkstationName'>LRXM</Data><Data Name='TransmittedServices'>-</Data><Data Name='LmPackageName'>-</Data><Data Name='KeyLength'>0</Data><Data Name='ProcessId'>0x370</Data><Data Name='ProcessName'>C:\Windows\System32\svchost.exe</Data><Data Name='IpAddress'>::1</Data><Data Name='IpPort'>0</Data></EventData></Event>
<Event xmlns='http://schemas.microsoft.com/win/2004/08/events/event'><System><Provider Name='Microsoft-Windows-Security-Auditing' Guid='{54849625-5478-4994-A5BA-3E3B0328C30D}'/><EventID>4625</EventID><Version>0</Version><Level>Information</Level><Task>Logon</Task><Opcode>Info</Opcode><Keywords>Audit Failure</Keywords><TimeCreated SystemTime='2017-09-21T04:17:54.582883000Z'/><EventRecordID>920353</EventRecordID><Correlation/><Execution ProcessID='556' ThreadID='8084'/><Channel>Security</Channel><Computer>LRXM</Computer><Security/></System><EventData><Data Name='SubjectUserSid'>LRXM\Alice3</Data><Data Name='SubjectUserName'>Alice3</Data><Data Name='SubjectDomainName'>LRXM</Data><Data Name='SubjectLogonId'>0x150b9d1</Data><Data Name='TargetUserSid'>NULL SID</Data><Data Name='TargetUserName'>Admin5</Data><Data Name='TargetDomainName'>lrxm</Data><Data Name='Status'>0xc000006d</Data><Data Name='FailureReason'>%%2313</Data><Data Name='SubStatus'>0xc000006a</Data><Data Name='LogonType'>2</Data><Data Name='LogonProcessName'>seclogo</Data><Data Name='AuthenticationPackageName'>Negotiate</Data><Data Name='WorkstationName'>LRXM</Data><Data Name='TransmittedServices'>-</Data><Data Name='LmPackageName'>-</Data><Data Name='KeyLength'>0</Data><Data Name='ProcessId'>0x370</Data><Data Name='ProcessName'>C:\Windows\System32\svchost.exe</Data><Data Name='IpAddress'>::1</Data><Data Name='IpPort'>0</Data></EventData></Event>
<Event xmlns='http://schemas.microsoft.com/win/2004/08/events/event'><System><Provider Name='Microsoft-Windows-Security-Auditing' Guid='{54849625-5478-4994-A5BA-3E3B0328C30D}'/><EventID>4625</EventID><Version>0</Version><Level>Information</Level><Task>Logon</Task><Opcode>Info</Opcode><Keywords>Audit Failure</Keywords><TimeCreated SystemTime='2017-09-21T04:17:54.582883000Z'/><EventRecordID>920353</EventRecordID><Correlation/><Execution ProcessID='556' ThreadID='8084'/><Channel>Security</Channel><Computer>LRXM</Computer><Security/></System><EventData><Data Name='SubjectUserSid'>LRXM\Alice3</Data><Data Name='SubjectUserName'>Alice3</Data><Data Name='SubjectDomainName'>LRXM</Data><Data Name='SubjectLogonId'>0x150b9d1</Data><Data Name='TargetUserSid'>NULL SID</Data><Data Name='TargetUserName'>Admin5</Data><Data Name='TargetDomainName'>lrxm</Data><Data Name='Status'>0xc000006d</Data><Data Name='FailureReason'>%%2313</Data><Data Name='SubStatus'>0xc000006a</Data><Data Name='LogonType'>2</Data><Data Name='LogonProcessName'>seclogo</Data><Data Name='AuthenticationPackageName'>Negotiate</Data><Data Name='WorkstationName'>LRXM</Data><Data Name='TransmittedServices'>-</Data><Data Name='LmPackageName'>-</Data><Data Name='KeyLength'>0</Data><Data Name='ProcessId'>0x370</Data><Data Name='ProcessName'>C:\Windows\System32\svchost.exe</Data><Data Name='IpAddress'>::1</Data><Data Name='IpPort'>0</Data></EventData></Event>
<Event xmlns='http://schemas.microsoft.com/win/2004/08/events/event'><System><Provider Name='Microsoft-Windows-Security-Auditing' Guid='{54849625-5478-4994-A5BA-3E3B0328C30D}'/><EventID>4625</EventID><Version>0</Version><Level>Information</Level><Task>Logon</Task><Opcode>Info</Opcode><Keywords>Audit Failure</Keywords><TimeCreated SystemTime='2017-09-21T04:17:54.582883000Z'/><EventRecordID>920353</EventRecordID><Correlation/><Execution ProcessID='556' ThreadID='8084'/><Channel>Security</Channel><Computer>LRXM</Computer><Security/></System><EventData><Data Name='SubjectUserSid'>LRXM\Alice3</Data><Data Name='SubjectUserName'>Alice3</Data><Data Name='SubjectDomainName'>LRXM</Data><Data Name='SubjectLogonId'>0x150b9d1</Data><Data Name='TargetUserSid'>NULL SID</Data><Data Name='TargetUserName'>Admin5</Data><Data Name='TargetDomainName'>lrxm</Data><Data Name='Status'>0xc000006d</Data><Data Name='FailureReason'>%%2313</Data><Data Name='SubStatus'>0xc000006a</Data><Data Name='LogonType'>2</Data><Data Name='LogonProcessName'>seclogo</Data><Data Name='AuthenticationPackageName'>Negotiate</Data><Data Name='WorkstationName'>LRXM</Data><Data Name='TransmittedServices'>-</Data><Data Name='LmPackageName'>-</Data><Data Name='KeyLength'>0</Data><Data Name='ProcessId'>0x370</Data><Data Name='ProcessName'>C:\Windows\System32\svchost.exe</Data><Data Name='IpAddress'>::1</Data><Data Name='IpPort'>0</Data></EventData></Event>
<Event xmlns='http://schemas.microsoft.com/win/2004/08/events/event'><System><Provider Name='Microsoft-Windows-Security-Auditing' Guid='{54849625-5478-4994-A5BA-3E3B0328C30D}'/><EventID>4625</EventID><Version>0</Version><Level>Information</Level><Task>Logon</Task><Opcode>Info</Opcode><Keywords>Audit Failure</Keywords><TimeCreated SystemTime='2017-09-21T04:17:54.582883000Z'/><EventRecordID>920353</EventRecordID><Correlation/><Execution ProcessID='556' ThreadID='8084'/><Channel>Security</Channel><Computer>LRXM</Computer><Security/></System><EventData><Data Name='SubjectUserSid'>LRXM\Alice3</Data><Data Name='SubjectUserName'>Alice3</Data><Data Name='SubjectDomainName'>LRXM</Data><Data Name='SubjectLogonId'>0x150b9d1</Data><Data Name='TargetUserSid'>NULL SID</Data><Data Name='TargetUserName'>Admin5</Data><Data Name='TargetDomainName'>lrxm</Data><Data Name='Status'>0xc000006d</Data><Data Name='FailureReason'>%%2313</Data><Data Name='SubStatus'>0xc000006a</Data><Data Name='LogonType'>2</Data><Data Name='LogonProcessName'>seclogo</Data><Data Name='AuthenticationPackageName'>Negotiate</Data><Data Name='WorkstationName'>LRXM</Data><Data Name='TransmittedServices'>-</Data><Data Name='LmPackageName'>-</Data><Data Name='KeyLength'>0</Data><Data Name='ProcessId'>0x370</Data><Data Name='ProcessName'>C:\Windows\System32\svchost.exe</Data><Data Name='IpAddress'>::1</Data><Data Name='IpPort'>0</Data></EventData></Event>
<Event xmlns='http://schemas.microsoft.com/win/2004/08/events/event'><System><Provider Name='Microsoft-Windows-Security-Auditing' Guid='{54849625-5478-4994-A5BA-3E3B0328C30D}'/><EventID>4625</EventID><Version>0</Version><Level>Information</Level><Task>Logon</Task><Opcode>Info</Opcode><Keywords>Audit Failure</Keywords><TimeCreated SystemTime='2017-09-21T04:17:54.582883000Z'/><EventRecordID>920353</EventRecordID><Correlation/><Execution ProcessID='556' ThreadID='8084'/><Channel>Security</Channel><Computer>LRXM</Computer><Security/></System><EventData><Data Name='SubjectUserSid'>LRXM\Alice3</Data><Data Name='SubjectUserName'>Alice3</Data><Data Name='SubjectDomainName'>LRXM</Data><Data Name='SubjectLogonId'>0x150b9d1</Data><Data Name='TargetUserSid'>NULL SID</Data><Data Name='TargetUserName'>Admin5</Data><Data Name='TargetDomainName'>lrxm</Data><Data Name='Status'>0xc000006d</Data><Data Name='FailureReason'>%%2313</Data><Data Name='SubStatus'>0xc000006a</Data><Data Name='LogonType'>2</Data><Data Name='LogonProcessName'>seclogo</Data><Data Name='AuthenticationPackageName'>Negotiate</Data><Data Name='WorkstationName'>LRXM</Data><Data Name='TransmittedServices'>-</Data><Data Name='LmPackageName'>-</Data><Data Name='KeyLength'>0</Data><Data Name='ProcessId'>0x370</Data><Data Name='ProcessName'>C:\Windows\System32\svchost.exe</Data><Data Name='IpAddress'>::1</Data><Data Name='IpPort'>0</Data></EventData></Event>
09 29 2023 06:38:23 11.1.0.53 <LOC0:INFO> Sep 29 06:38:23 11.1.0.53 EVID:0003 172.16.1.1: login failed for user brittany.sandoval.81 from 192.168.43.32